#
# A fatal error has been detected by the Java Runtime Environment:
#
#  EXCEPTION_ACCESS_VIOLATION (0xc0000005) at pc=0x00000000150556de, pid=10284, tid=3392
#
# JRE version: 6.0_43-b01
# Java VM: Java HotSpot(TM) 64-Bit Server VM (20.14-b01 mixed mode windows-amd64 compressed oops)
# Problematic frame:
# C  [mclmcr.dll+0xd56de]
#
# If you would like to submit a bug report, please visit:
#   http://java.sun.com/webapps/bugreport/crash.jsp
# The crash happened outside the Java Virtual Machine in native code.
# See problematic frame for where to report the bug.
#

---------------  T H R E A D  ---------------

Current thread (0x0000000006769000):  JavaThread "Thread-4" daemon [_thread_in_native, id=3392, stack(0x0000000016dd0000,0x0000000016ed0000)]

siginfo: ExceptionCode=0xc0000005, reading address 0xffffffffffffffff

Registers:
RAX=0x000000001b11aca0, RBX=0x0000000016ece3f8, RCX=0x000000001b11aca0, RDX=0x0000000015114af8
RSP=0x0000000016ece260, RBP=0x000000001b11aca0, RSI=0x0000000015114af8, RDI=0x0000000000000001
R8 =0x0000000000000001, R9 =0x0000000016ece3f8, R10=0x0000000015100794, R11=0x0000000017d4cc20
R12=0x000000001504c2f0, R13=0x00000000151b0b70, R14=0x0000000016ece5b8, R15=0x0000000006769000
RIP=0x00000000150556de, EFLAGS=0x0000000000010202

Top of Stack: (sp=0x0000000016ece260)
0x0000000016ece260:   000000001af5ab61 0000000075a36c88
0x0000000016ece270:   0000000000000000 000000001b11aca0
0x0000000016ece280:   0000000000000001 0000000016ece2d8
0x0000000016ece290:   0000000016ece398 000000001504d1a0
0x0000000016ece2a0:   0000000000000000 0000000016ece430
0x0000000016ece2b0:   000000001b11aca0 0000000000001254
0x0000000016ece2c0:   0000000000000001 0000000016ece2d8
0x0000000016ece2d0:   0000000016ece3f8 0000000017c86da0
0x0000000016ece2e0:   0000000000000000 000000001af5ab20
0x0000000016ece2f0:   0000000000000000 0000000000000040
0x0000000016ece300:   000000000000004f 0000000016ece2d0
0x0000000016ece310:   fffffffffffffffe 00000000169d34e0
0x0000000016ece320:   0000000000000000 0000000017894c00
0x0000000016ece330:   0000000016ece3b0 0000000000000000
0x0000000016ece340:   000000000000000f 0000000000000974
0x0000000016ece350:   0000000017006e00 00000000749d07e8 

Instructions: (pc=0x00000000150556de)
0x00000000150556be:   8b 4c 24 68 4c 8b cb 4c 8b 10 48 89 4c 24 28 8b
0x00000000150556ce:   4c 24 60 89 4c 24 20 44 8b c7 48 8b d6 48 8b c8
0x00000000150556de:   41 ff 52 20 48 8b 5c 24 40 48 8b 74 24 48 48 83
0x00000000150556ee:   c4 30 5f c3 cc cc cc cc cc cc cc cc cc cc cc cc 


Register to memory mapping:

RAX=0x000000001b11aca0 is an unknown value
RBX=0x0000000016ece3f8 is pointing into the stack for thread: 0x0000000006769000
RCX=0x000000001b11aca0 is an unknown value
RDX=0x0000000015114af8 is an unknown value
RSP=0x0000000016ece260 is pointing into the stack for thread: 0x0000000006769000
RBP=0x000000001b11aca0 is an unknown value
RSI=0x0000000015114af8 is an unknown value
RDI=0x0000000000000001 is an unknown value
R8 =0x0000000000000001 is an unknown value
R9 =0x0000000016ece3f8 is pointing into the stack for thread: 0x0000000006769000
R10=0x0000000015100794 is an unknown value
R11=0x0000000017d4cc20 is an unknown value
R12=0x000000001504c2f0 is an unknown value
R13=0x00000000151b0b70 is an unknown value
R14=0x0000000016ece5b8 is pointing into the stack for thread: 0x0000000006769000
R15=0x0000000006769000 is a thread


Stack: [0x0000000016dd0000,0x0000000016ed0000],  sp=0x0000000016ece260,  free space=1016k
Native frames: (J=compiled Java code, j=interpreted, Vv=VM code, C=native code)
C  [mclmcr.dll+0xd56de]

Java frames: (J=compiled Java code, j=interpreted, Vv=VM code)
j  com.mathworks.toolbox.javabuilder.internal.MWMCR.mclWaitForFiguresToDie(Lcom/mathworks/toolbox/javabuilder/internal/NativePtr;)V+0
j  com.mathworks.toolbox.javabuilder.internal.MWMCR.access$1200(Lcom/mathworks/toolbox/javabuilder/internal/NativePtr;)V+1
j  com.mathworks.toolbox.javabuilder.internal.MWMCR$6.mclWaitForFiguresToDie(Lcom/mathworks/toolbox/javabuilder/internal/NativePtr;)V+1
v  ~StubRoutines::call_stub
j  sun.reflect.NativeMethodAccessorImpl.invoke0(Ljava/lang/reflect/Method;Ljava/lang/Object;[Ljava/lang/Object;)Ljava/lang/Object;+0
j  sun.reflect.NativeMethodAccessorImpl.invoke(Ljava/lang/Object;[Ljava/lang/Object;)Ljava/lang/Object;+87
j  sun.reflect.DelegatingMethodAccessorImpl.invoke(Ljava/lang/Object;[Ljava/lang/Object;)Ljava/lang/Object;+6
j  java.lang.reflect.Method.invoke(Ljava/lang/Object;[Ljava/lang/Object;)Ljava/lang/Object;+161
j  com.mathworks.toolbox.javabuilder.internal.MWMCR$5.invoke(Ljava/lang/Object;Ljava/lang/reflect/Method;[Ljava/lang/Object;)Ljava/lang/Object;+8
j  com.sun.proxy.$Proxy0.mclWaitForFiguresToDie(Lcom/mathworks/toolbox/javabuilder/internal/NativePtr;)V+16
v  ~StubRoutines::call_stub
j  sun.reflect.NativeMethodAccessorImpl.invoke0(Ljava/lang/reflect/Method;Ljava/lang/Object;[Ljava/lang/Object;)Ljava/lang/Object;+0
j  sun.reflect.NativeMethodAccessorImpl.invoke(Ljava/lang/Object;[Ljava/lang/Object;)Ljava/lang/Object;+87
j  sun.reflect.DelegatingMethodAccessorImpl.invoke(Ljava/lang/Object;[Ljava/lang/Object;)Ljava/lang/Object;+6
j  java.lang.reflect.Method.invoke(Ljava/lang/Object;[Ljava/lang/Object;)Ljava/lang/Object;+161
j  com.mathworks.toolbox.javabuilder.internal.MWMCR$4$1.call()Ljava/lang/Object;+11
j  com.mathworks.toolbox.javabuilder.internal.MCRThreadUtilities$CallableWrapper.call()Ljava/lang/Object;+4
j  java.util.concurrent.FutureTask$Sync.innerRun()V+30
j  java.util.concurrent.FutureTask.run()V+4
j  java.util.concurrent.ScheduledThreadPoolExecutor$ScheduledFutureTask.access$301(Ljava/util/concurrent/ScheduledThreadPoolExecutor$ScheduledFutureTask;)V+1
j  java.util.concurrent.ScheduledThreadPoolExecutor$ScheduledFutureTask.run()V+15
j  java.util.concurrent.ThreadPoolExecutor$Worker.runTask(Ljava/lang/Runnable;)V+66
j  java.util.concurrent.ThreadPoolExecutor$Worker.run()V+33
j  java.lang.Thread.run()V+11
v  ~StubRoutines::call_stub

---------------  P R O C E S S  ---------------

Java Threads: ( => current thread )
  0x00000000196b6000 JavaThread "Thread-12" [_thread_blocked, id=17288, stack(0x0000000016ed0000,0x0000000016fd0000)]
  0x00000000196b5000 JavaThread "com.google.common.base.internal.Finalizer" daemon [_thread_blocked, id=19700, stack(0x000000001aa70000,0x000000001ab70000)]
  0x00000000196b3800 JavaThread "EventMgr Dispatcher" daemon [_thread_in_native, id=21800, stack(0x0000000016cd0000,0x0000000016dd0000)]
=>0x0000000006769000 JavaThread "Thread-4" daemon [_thread_in_native, id=3392, stack(0x0000000016dd0000,0x0000000016ed0000)]
  0x0000000010157000 JavaThread "TimerQueue" daemon [_thread_blocked, id=10260, stack(0x000000000fea0000,0x000000000ffa0000)]
  0x000000000057b800 JavaThread "DestroyJavaVM" [_thread_blocked, id=14904, stack(0x0000000001ca0000,0x0000000001da0000)]
  0x00000000066dc800 JavaThread "AWT-EventQueue-0" [_thread_blocked, id=6348, stack(0x000000000c490000,0x000000000c590000)]
  0x00000000066c6800 JavaThread "AWT-Shutdown" [_thread_blocked, id=21836, stack(0x0000000007c60000,0x0000000007d60000)]
  0x00000000066c6000 JavaThread "Java2D Disposer" daemon [_thread_blocked, id=20052, stack(0x0000000007b60000,0x0000000007c60000)]
  0x00000000066a3800 JavaThread "Low Memory Detector" daemon [_thread_blocked, id=21000, stack(0x0000000007780000,0x0000000007880000)]
  0x000000000669a800 JavaThread "C2 CompilerThread1" daemon [_thread_blocked, id=21268, stack(0x0000000007680000,0x0000000007780000)]
  0x000000000664d000 JavaThread "C2 CompilerThread0" daemon [_thread_blocked, id=11100, stack(0x0000000007580000,0x0000000007680000)]
  0x000000000664b800 JavaThread "Attach Listener" daemon [_thread_blocked, id=21556, stack(0x0000000007480000,0x0000000007580000)]
  0x000000000664a800 JavaThread "Signal Dispatcher" daemon [_thread_blocked, id=10896, stack(0x0000000007380000,0x0000000007480000)]
  0x0000000006638800 JavaThread "Finalizer" daemon [_thread_blocked, id=21120, stack(0x0000000007280000,0x0000000007380000)]
  0x0000000006632000 JavaThread "Reference Handler" daemon [_thread_blocked, id=21876, stack(0x0000000007180000,0x0000000007280000)]

Other Threads:
  0x0000000006626000 VMThread [stack: 0x0000000007080000,0x0000000007180000] [id=18376]

VM state:at safepoint (normal execution)

VM Mutex/Monitor currently owned by a thread:  ([mutex/lock_event])
[0x0000000000579900] Threads_lock - owner thread: 0x0000000006626000

Heap
 PSYoungGen      total 38080K, used 23903K [0x00000007d58b0000, 0x00000007d8320000, 0x0000000800000000)
  eden space 32704K, 56% used [0x00000007d58b0000,0x00000007d6adda40,0x00000007d78a0000)
  from space 5376K, 98% used [0x00000007d78a0000,0x00000007d7dca3d0,0x00000007d7de0000)
  to   space 5376K, 0% used [0x00000007d7de0000,0x00000007d7de0000,0x00000007d8320000)
 PSOldGen        total 86912K, used 0K [0x0000000780a00000, 0x0000000785ee0000, 0x00000007d58b0000)
  object space 86912K, 0% used [0x0000000780a00000,0x0000000780a00000,0x0000000785ee0000)
 PSPermGen       total 28928K, used 28835K [0x000000077b800000, 0x000000077d440000, 0x0000000780a00000)
  object space 28928K, 99% used [0x000000077b800000,0x000000077d428f80,0x000000077d440000)

Code Cache  [0x00000000024d0000, 0x0000000002740000, 0x00000000054d0000)
 total_blobs=748 nmethods=246 adapters=455 free_code_cache=49185920 largest_free_block=28352

Dynamic libraries:
0x0000000000400000 - 0x000000000042f000 	C:\Program Files\Java\jre6\bin\javaw.exe
0x0000000077b60000 - 0x0000000077d08000 	C:\Windows\SYSTEM32\ntdll.dll
0x0000000077a40000 - 0x0000000077b5f000 	C:\Windows\system32\kernel32.dll
0x000007fefdce0000 - 0x000007fefdd4c000 	C:\Windows\system32\KERNELBASE.dll
0x000007fefed10000 - 0x000007fefedeb000 	C:\Windows\system32\ADVAPI32.dll
0x000007feffdd0000 - 0x000007feffe6f000 	C:\Windows\system32\msvcrt.dll
0x000007feffdb0000 - 0x000007feffdcf000 	C:\Windows\SYSTEM32\sechost.dll
0x000007feff7e0000 - 0x000007feff90d000 	C:\Windows\system32\RPCRT4.dll
0x0000000077940000 - 0x0000000077a3a000 	C:\Windows\system32\USER32.dll
0x000007feff9c0000 - 0x000007feffa27000 	C:\Windows\system32\GDI32.dll
0x000007feff5a0000 - 0x000007feff5ae000 	C:\Windows\system32\LPK.dll
0x000007feffa30000 - 0x000007feffaf9000 	C:\Windows\system32\USP10.dll
0x000007fefedf0000 - 0x000007fefee1e000 	C:\Windows\system32\IMM32.DLL
0x000007fefde70000 - 0x000007fefdf79000 	C:\Windows\system32\MSCTF.dll
0x000000006d810000 - 0x000000006dfcc000 	C:\Program Files\Java\jre6\bin\server\jvm.dll
0x000007fefbcb0000 - 0x000007fefbceb000 	C:\Windows\system32\WINMM.dll
0x000000006d780000 - 0x000000006d78e000 	C:\Program Files\Java\jre6\bin\verify.dll
0x000000006d3b0000 - 0x000000006d3d7000 	C:\Program Files\Java\jre6\bin\java.dll
0x000000006d7d0000 - 0x000000006d7e2000 	C:\Program Files\Java\jre6\bin\zip.dll
0x000000006d000000 - 0x000000006d1c4000 	C:\Program Files\Java\jre6\bin\awt.dll
0x000007fef8c50000 - 0x000007fef8cc1000 	C:\Windows\system32\WINSPOOL.DRV
0x000007feff390000 - 0x000007feff593000 	C:\Windows\system32\ole32.dll
0x000007fefdf80000 - 0x000007fefed08000 	C:\Windows\system32\SHELL32.dll
0x000007feffbc0000 - 0x000007feffc31000 	C:\Windows\system32\SHLWAPI.dll
0x000007fefc280000 - 0x000007fefc474000 	C:\Windows\WinSxS\amd64_microsoft.windows.common-controls_6595b64144ccf1df_6.0.7601.17514_none_fa396087175ac9ac\COMCTL32.dll
0x000007fefbcf0000 - 0x000007fefbd08000 	C:\Windows\system32\DWMAPI.DLL
0x000007fefc190000 - 0x000007fefc1e6000 	C:\Windows\system32\uxtheme.dll
0x000007fefd930000 - 0x000007fefd987000 	C:\Windows\system32\apphelp.dll
0x000007fef99d0000 - 0x000007fefa1e8000 	C:\Windows\system32\SOGOUPY.IME
0x000007fefb100000 - 0x000007fefb107000 	C:\Windows\system32\MSIMG32.dll
0x000007fefb2c0000 - 0x000007fefb314000 	C:\Windows\system32\OLEACC.dll
0x000007fefbf40000 - 0x000007fefbf6d000 	C:\Windows\system32\ntmarta.dll
0x000007feff960000 - 0x000007feff9b2000 	C:\Windows\system32\WLDAP32.dll
0x000007fefcb70000 - 0x000007fefcb7c000 	C:\Windows\system32\VERSION.dll
0x000007fef7c60000 - 0x000007fef7ccd000 	D:\Program\sougou\SogouInput\Components\AddressSearch\1.0.0.895\AddressSearch64.dll
0x000007fefd990000 - 0x000007fefd99f000 	C:\Windows\system32\CRYPTBASE.dll
0x0000000010000000 - 0x0000000010013000 	D:\Program\Dict\6.3.67.3030\WordStrokeHelper64.dll
0x000000006d2a0000 - 0x000000006d307000 	C:\Program Files\Java\jre6\bin\fontmanager.dll
0x000007fef7880000 - 0x000007fef7a6e000 	D:\Program\sougou\SogouInput\Components\PicFace\1.0.0.1272\PicFace64.dll
0x000007feffcd0000 - 0x000007feffda7000 	C:\Windows\system32\OLEAUT32.dll
0x000007fefda60000 - 0x000007fefda6f000 	C:\Windows\system32\profapi.dll
0x000000006d610000 - 0x000000006d627000 	C:\Program Files\Java\jre6\bin\net.dll
0x000007feff910000 - 0x000007feff95d000 	C:\Windows\system32\WS2_32.dll
0x000007feffcc0000 - 0x000007feffcc8000 	C:\Windows\system32\NSI.dll
0x000007fefd290000 - 0x000007fefd2e5000 	C:\Windows\system32\mswsock.dll
0x000007fefd280000 - 0x000007fefd287000 	C:\Windows\System32\wship6.dll
0x000000006d630000 - 0x000000006d63c000 	C:\Program Files\Java\jre6\bin\nio.dll
0x000007fef28d0000 - 0x000007fef296e000 	C:\Windows\system32\RICHED20.DLL
0x0000000012e80000 - 0x0000000012f5a000 	D:\Program\sougou\SogouInput\7.5.0.5412\Resource.dll
0x0000000077d30000 - 0x0000000077d37000 	C:\Windows\system32\PSAPI.DLL
0x000007fef2a60000 - 0x000007fef2cce000 	D:\Program\Dict\6.3.67.3030\TextExtractorImpl64.dll
0x000007feff5b0000 - 0x000007feff647000 	C:\Windows\system32\COMDLG32.dll
0x000007fefbf70000 - 0x000007fefc186000 	C:\Windows\WinSxS\amd64_microsoft.windows.gdiplus_6595b64144ccf1df_1.1.7601.18455_none_2b283fd671e9bf4d\gdiplus.dll
0x000007fefc220000 - 0x000007fefc227000 	D:\Program Files\MATLAB\R2012a\bin\win64\BuilderJABootstrap.dll
0x0000000064850000 - 0x0000000064923000 	C:\Windows\WinSxS\amd64_microsoft.vc90.crt_1fc8b3b9a1e18e3b_9.0.30729.4940_none_08e4299fa83d7e3c\MSVCP90.dll
0x0000000071f60000 - 0x0000000071ffd000 	C:\Windows\WinSxS\amd64_microsoft.vc90.crt_1fc8b3b9a1e18e3b_9.0.30729.4940_none_08e4299fa83d7e3c\MSVCR90.dll
0x000007fefb9d0000 - 0x000007fefb9dd000 	D:\Program Files\MATLAB\R2012a\bin\win64\nativedl.dll
0x0000000073f70000 - 0x00000000740ad000 	d:\Program Files\MATLAB\R2012a\bin\win64\libmwfl.dll
0x0000000180000000 - 0x000000018000b000 	D:\Program Files\MATLAB\R2012a\bin\win64\libmwresource_core.dll
0x00000000758a0000 - 0x0000000075952000 	D:\Program Files\MATLAB\R2012a\bin\win64\libmwi18n.dll
0x000000007a170000 - 0x000000007a19c000 	D:\Program Files\MATLAB\R2012a\bin\win64\boost_filesystem-vc90-mt-1_44.dll
0x000000007a560000 - 0x000000007a569000 	D:\Program Files\MATLAB\R2012a\bin\win64\boost_system-vc90-mt-1_44.dll
0x000000007a010000 - 0x000000007a035000 	D:\Program Files\MATLAB\R2012a\bin\win64\LIBEXPAT.dll
0x000000005b0d0000 - 0x000000005b2c1000 	D:\Program Files\MATLAB\R2012a\bin\win64\icuin44.dll
0x000000005f170000 - 0x000000005f2e1000 	D:\Program Files\MATLAB\R2012a\bin\win64\icuuc44.dll
0x0000000014130000 - 0x0000000014f71000 	D:\Program Files\MATLAB\R2012a\bin\win64\icudt44.dll
0x000000000fa30000 - 0x000000000fd26000 	D:\Program Files\MATLAB\R2012a\bin\win64\libmwMATLAB_res.dll
0x000000007a3b0000 - 0x000000007a3c0000 	D:\Program Files\MATLAB\R2012a\bin\win64\boost_date_time-vc90-mt-1_44.dll
0x000000007a250000 - 0x000000007a263000 	D:\Program Files\MATLAB\R2012a\bin\win64\boost_signals-vc90-mt-1_44.dll
0x000000007a2d0000 - 0x000000007a2e2000 	D:\Program Files\MATLAB\R2012a\bin\win64\boost_thread-vc90-mt-1_44.dll
0x000000000f8d0000 - 0x000000000f916000 	D:\Program Files\MATLAB\R2012a\bin\win64\tbb.dll
0x000007feffba0000 - 0x000007feffbb9000 	C:\Windows\system32\imagehlp.dll
0x000007feed0f0000 - 0x000007feed49a000 	d:\Program Files\MATLAB\R2012a\bin\win64\nativemcl.dll
0x0000000074460000 - 0x0000000074554000 	D:\Program Files\MATLAB\R2012a\bin\win64\libut.dll
0x0000000067b10000 - 0x0000000067b23000 	D:\Program Files\MATLAB\R2012a\bin\win64\icuio44.dll
0x000007fef33d0000 - 0x000007fef34f5000 	C:\Windows\system32\dbghelp.dll
0x0000000075a20000 - 0x0000000075ae2000 	D:\Program Files\MATLAB\R2012a\bin\win64\libmx.dll
0x000000007a210000 - 0x000000007a228000 	D:\Program Files\MATLAB\R2012a\bin\win64\zlib1.dll
0x0000000014f80000 - 0x00000000151ea000 	D:\Program Files\MATLAB\R2012a\bin\win64\mclmcr.dll
0x0000000074970000 - 0x0000000074b06000 	D:\Program Files\MATLAB\R2012a\bin\win64\mcr.dll
0x0000000075000000 - 0x000000007536b000 	D:\Program Files\MATLAB\R2012a\bin\win64\iqm.dll
0x000000007bed0000 - 0x000000007c183000 	D:\Program Files\MATLAB\R2012a\bin\win64\libmwservices.dll
0x000000000fe50000 - 0x000000000fe71000 	D:\Program Files\MATLAB\R2012a\bin\win64\libmwmfl_scalar.dll
0x0000000075f10000 - 0x0000000075f5d000 	D:\Program Files\MATLAB\R2012a\bin\win64\mpath.dll
0x000000007b680000 - 0x000000007bbe1000 	D:\Program Files\MATLAB\R2012a\bin\win64\mlutil.dll
0x00000000651d0000 - 0x000000006524f000 	D:\Program Files\MATLAB\R2012a\bin\win64\xmlcore.dll
0x000000007bc30000 - 0x000000007be83000 	D:\Program Files\MATLAB\R2012a\bin\win64\xerces-c_2_7.dll
0x0000000015220000 - 0x000000001523a000 	D:\Program Files\MATLAB\R2012a\bin\win64\libmwMATLAB_settings_res.dll
0x0000000015250000 - 0x0000000015297000 	D:\Program Files\MATLAB\R2012a\bin\win64\boost_serialization-vc90-mt-1_44.dll
0x000007fefb4d0000 - 0x000007fefb4e6000 	C:\Windows\system32\NETAPI32.dll
0x000007fefb4c0000 - 0x000007fefb4cc000 	C:\Windows\system32\netutils.dll
0x000007fefd5d0000 - 0x000007fefd5f3000 	C:\Windows\system32\srvcli.dll
0x000007fefb4a0000 - 0x000007fefb4b5000 	C:\Windows\system32\wkscli.dll
0x0000000051260000 - 0x0000000051a81000 	D:\Program Files\MATLAB\R2012a\bin\win64\m_interpreter.dll
0x0000000067ae0000 - 0x0000000067b05000 	D:\Program Files\MATLAB\R2012a\bin\win64\libmex.dll
0x000000005b010000 - 0x000000005b0c3000 	D:\Program Files\MATLAB\R2012a\bin\win64\m_dispatcher.dll
0x0000000074880000 - 0x000000007496d000 	D:\Program Files\MATLAB\R2012a\bin\win64\boost_regex-vc90-mt-1_44.dll
0x000000005fe30000 - 0x000000005feb4000 	D:\Program Files\MATLAB\R2012a\bin\win64\profiler.dll
0x0000000015300000 - 0x0000000015555000 	D:\Program Files\MATLAB\R2012a\bin\win64\libmwmathutil.dll
0x0000000079f40000 - 0x0000000079f6d000 	D:\Program Files\MATLAB\R2012a\bin\win64\libmwmathrng.dll
0x0000000074c10000 - 0x0000000074ced000 	D:\Program Files\MATLAB\R2012a\bin\win64\libmwmathcore.dll
0x0000000076160000 - 0x00000000761cb000 	D:\Program Files\MATLAB\R2012a\bin\win64\libmwspmatrix.dll
0x0000000075ea0000 - 0x0000000075f02000 	D:\Program Files\MATLAB\R2012a\bin\win64\libmwcholmod.dll
0x000000007a460000 - 0x000000007a46d000 	D:\Program Files\MATLAB\R2012a\bin\win64\libmwamd.dll
0x000000007a4b0000 - 0x000000007a4bc000 	D:\Program Files\MATLAB\R2012a\bin\win64\libmwcolamd.dll
0x0000000062310000 - 0x0000000062329000 	D:\Program Files\MATLAB\R2012a\bin\win64\libmwblas.dll
0x000000005fef0000 - 0x000000005ff02000 	D:\Program Files\MATLAB\R2012a\bin\win64\libmwbinder.dll
0x00000000155f0000 - 0x00000000155fb000 	D:\Program Files\MATLAB\R2012a\bin\win64\libmwompwrapper.dll
0x000000005f610000 - 0x000000005f696000 	D:\Program Files\MATLAB\R2012a\bin\win64\libmwlapack.dll
0x000000005f720000 - 0x000000005f741000 	D:\Program Files\MATLAB\R2012a\bin\win64\m_pcodeio.dll
0x0000000079b10000 - 0x0000000079b77000 	D:\Program Files\MATLAB\R2012a\bin\win64\m_ir.dll
0x0000000050c10000 - 0x0000000051260000 	D:\Program Files\MATLAB\R2012a\bin\win64\m_parser.dll
0x000000005f700000 - 0x000000005f71a000 	D:\Program Files\MATLAB\R2012a\bin\win64\ir_xfmr.dll
0x000000005ad90000 - 0x000000005b009000 	D:\Program Files\MATLAB\R2012a\bin\win64\mcos.dll
0x0000000074740000 - 0x000000007474c000 	D:\Program Files\MATLAB\R2012a\bin\win64\mtok.dll
0x000000005ea50000 - 0x000000005ea81000 	D:\Program Files\MATLAB\R2012a\bin\win64\m_pcodegen.dll
0x0000000079fb0000 - 0x0000000079fe7000 	D:\Program Files\MATLAB\R2012a\bin\win64\libmwbridge.dll
0x000000005a7f0000 - 0x000000005a8b8000 	D:\Program Files\MATLAB\R2012a\bin\win64\udd.dll
0x000000005a030000 - 0x000000005a182000 	D:\Program Files\MATLAB\R2012a\bin\win64\libmwgui.dll
0x000000005f6e0000 - 0x000000005f6f7000 	D:\Program Files\MATLAB\R2012a\bin\win64\graphics_util.dll
0x00000000156d0000 - 0x0000000016073000 	D:\Program Files\MATLAB\R2012a\bin\win64\hg.dll
0x0000000016090000 - 0x00000000160f7000 	D:\Program Files\MATLAB\R2012a\bin\win64\libmat.dll
0x0000000072d30000 - 0x0000000072f44000 	D:\Program Files\MATLAB\R2012a\bin\win64\hdf5dll.dll
0x0000000075710000 - 0x00000000757c1000 	D:\Program Files\MATLAB\R2012a\bin\win64\jmi.dll
0x0000000016130000 - 0x000000001613e000 	D:\Program Files\MATLAB\R2012a\bin\win64\nativejava_services.dll
0x000000005e810000 - 0x000000005e852000 	D:\Program Files\MATLAB\R2012a\bin\win64\libmwhardcopy.dll
0x000000005d4a0000 - 0x000000005d4fa000 	D:\Program Files\MATLAB\R2012a\bin\win64\libuij.dll
0x0000000059e20000 - 0x000000005a02c000 	D:\Program Files\MATLAB\R2012a\bin\win64\hgdatatypes.dll

VM Arguments:
jvm_args: -Dfile.encoding=GBK 
java_command: test.RankBCAClient
Launcher Type: SUN_STANDARD

Environment Variables:
PATH=D:\Program Files\MATLAB\R2012a\bin\win64;C:\Perl64\site\bin;C:\Perl64\bin;C:\Program Files (x86)\Common Files\NetSarang;D:\Program\Ruby22-x64\bin;C:\Program Files (x86)\AMD APP\bin\x86_64;C:\Program Files (x86)\AMD APP\bin\x86;C:\Windows\system32;C:\Windows;C:\Windows\System32\Wbem;C:\Windows\System32\WindowsPowerShell\v1.0\;C:\Program Files (x86)\ATI Technologies\ATI.ACE\Core-Static;D:\Program\java\bin;C:\Program Files (x86)\Microsoft SQL Server\100\Tools\Binn\;C:\Program Files\Microsoft SQL Server\100\Tools\Binn\;C:\Program Files\Microsoft SQL Server\100\DTS\Binn\;d:\Program Files\MATLAB\R2012a\runtime\win64;d:\Program Files\MATLAB\R2012a\bin;C:\Program Files\Java\jdk1.6.0_43\bin;d:\CTEX\UserData\miktex\bin;d:\CTEX\MiKTeX\miktex\bin;d:\CTEX\CTeX\ctex\bin;d:\CTEX\CTeX\cct\bin;d:\CTEX\CTeX\ty\bin;d:\CTEX\Ghostscript\gs9.05\bin;d:\CTEX\GSview\gsview;d:\CTEX\WinEdt;C:\cygwin64\bin
USERNAME=dell
OS=Windows_NT
PROCESSOR_IDENTIFIER=Intel64 Family 6 Model 58 Stepping 9, GenuineIntel



---------------  S Y S T E M  ---------------

OS: Windows 7 , 64 bit Build 7601 Service Pack 1

CPU:total 8 (4 cores per cpu, 2 threads per core) family 6 model 58 stepping 9, cmov, cx8, fxsr, mmx, sse, sse2, sse3, ssse3, sse4.1, sse4.2, popcnt, ht

Memory: 4k page, physical 8342068k(4796444k free), swap 16682284k(5596236k free)

vm_info: Java HotSpot(TM) 64-Bit Server VM (20.14-b01) for windows-amd64 JRE (1.6.0_43-b01), built on Mar  1 2013 01:52:33 by "java_re" with MS VC++ 8.0 (VS2005)

time: Thu Jun 04 20:19:28 2015
elapsed time: 60 seconds

