#
# A fatal error has been detected by the Java Runtime Environment:
#
#  EXCEPTION_ACCESS_VIOLATION (0xc0000005) at pc=0x0000000019a756de, pid=9812, tid=44468
#
# JRE version: Java(TM) SE Runtime Environment (7.0_79-b15) (build 1.7.0_79-b15)
# Java VM: Java HotSpot(TM) 64-Bit Server VM (24.79-b02 mixed mode windows-amd64 compressed oops)
# Problematic frame:
# C  [mclmcr.dll+0xd56de]
#
# Failed to write core dump. Minidumps are not enabled by default on client versions of Windows
#
# If you would like to submit a bug report, please visit:
#   http://bugreport.java.com/bugreport/crash.jsp
# The crash happened outside the Java Virtual Machine in native code.
# See problematic frame for where to report the bug.
#

---------------  T H R E A D  ---------------

Current thread (0x0000000014b2a000):  JavaThread "Thread-3" daemon [_thread_in_native, id=44468, stack(0x000000001bf90000,0x000000001c090000)]

siginfo: ExceptionCode=0xc0000005, reading address 0x00000000000000ee

Registers:
RAX=0x000000001b13a2b0, RBX=0x000000001c08dde8, RCX=0x000000001b13a2b0, RDX=0x0000000019b34af8
RSP=0x000000001c08dc50, RBP=0x000000001b13a2b0, RSI=0x0000000019b34af8, RDI=0x0000000000000001
R8 =0x0000000000000001, R9 =0x000000001c08dde8, R10=0x00000000000000ce, R11=0x000000001b2bf2c0
R12=0x0000000019a6c2f0, R13=0x0000000019bd0b70, R14=0x000000001c08dfa8, R15=0x0000000014b2a000
RIP=0x0000000019a756de, EFLAGS=0x0000000000010206

Top of Stack: (sp=0x000000001c08dc50)
0x000000001c08dc50:   00000000220bb991 0000000075a36c88
0x000000001c08dc60:   0000000000000000 000000001b13a2b0
0x000000001c08dc70:   0000000000000001 000000001c08dcc8
0x000000001c08dc80:   000000001c08dd88 0000000019a6d1a0
0x000000001c08dc90:   0000000000000000 000000001c08de20
0x000000001c08dca0:   000000001b13a2b0 0000000000001204
0x000000001c08dcb0:   0000000000000001 000000001c08dcc8
0x000000001c08dcc0:   000000001c08dde8 000000001ce5a180
0x000000001c08dcd0:   0000000000000000 00000000220bb950
0x000000001c08dce0:   0000000000000000 0000000000000040
0x000000001c08dcf0:   000000000000004f 000000001c08dcc0
0x000000001c08dd00:   fffffffffffffffe 000000001ae534e0
0x000000001c08dd10:   000000001b0c4750 000000001b15a900
0x000000001c08dd20:   0000000000000001 0000000000000000
0x000000001c08dd30:   000000000000000f 0000000000000a24
0x000000001c08dd40:   0000000000006e00 00000000749d07e8 

Instructions: (pc=0x0000000019a756de)
0x0000000019a756be:   8b 4c 24 68 4c 8b cb 4c 8b 10 48 89 4c 24 28 8b
0x0000000019a756ce:   4c 24 60 89 4c 24 20 44 8b c7 48 8b d6 48 8b c8
0x0000000019a756de:   41 ff 52 20 48 8b 5c 24 40 48 8b 74 24 48 48 83
0x0000000019a756ee:   c4 30 5f c3 cc cc cc cc cc cc cc cc cc cc cc cc 


Register to memory mapping:

RAX=0x000000001b13a2b0 is an unknown value
RBX=0x000000001c08dde8 is pointing into the stack for thread: 0x0000000014b2a000
RCX=0x000000001b13a2b0 is an unknown value
RDX=0x0000000019b34af8 is an unknown value
RSP=0x000000001c08dc50 is pointing into the stack for thread: 0x0000000014b2a000
RBP=0x000000001b13a2b0 is an unknown value
RSI=0x0000000019b34af8 is an unknown value
RDI=0x0000000000000001 is an unknown value
R8 =0x0000000000000001 is an unknown value
R9 =0x000000001c08dde8 is pointing into the stack for thread: 0x0000000014b2a000
R10=0x00000000000000ce is an unknown value
R11=0x000000001b2bf2c0 is an unknown value
R12=0x0000000019a6c2f0 is an unknown value
R13=0x0000000019bd0b70 is an unknown value
R14=0x000000001c08dfa8 is pointing into the stack for thread: 0x0000000014b2a000
R15=0x0000000014b2a000 is a thread


Stack: [0x000000001bf90000,0x000000001c090000],  sp=0x000000001c08dc50,  free space=1015k
Native frames: (J=compiled Java code, j=interpreted, Vv=VM code, C=native code)
C  [mclmcr.dll+0xd56de]

Java frames: (J=compiled Java code, j=interpreted, Vv=VM code)
j  com.mathworks.toolbox.javabuilder.internal.MWMCR.mclWaitForFiguresToDie(Lcom/mathworks/toolbox/javabuilder/internal/NativePtr;)V+0
j  com.mathworks.toolbox.javabuilder.internal.MWMCR.access$1200(Lcom/mathworks/toolbox/javabuilder/internal/NativePtr;)V+1
j  com.mathworks.toolbox.javabuilder.internal.MWMCR$6.mclWaitForFiguresToDie(Lcom/mathworks/toolbox/javabuilder/internal/NativePtr;)V+1
v  ~StubRoutines::call_stub
j  sun.reflect.NativeMethodAccessorImpl.invoke0(Ljava/lang/reflect/Method;Ljava/lang/Object;[Ljava/lang/Object;)Ljava/lang/Object;+0
j  sun.reflect.NativeMethodAccessorImpl.invoke(Ljava/lang/Object;[Ljava/lang/Object;)Ljava/lang/Object;+87
j  sun.reflect.DelegatingMethodAccessorImpl.invoke(Ljava/lang/Object;[Ljava/lang/Object;)Ljava/lang/Object;+6
j  java.lang.reflect.Method.invoke(Ljava/lang/Object;[Ljava/lang/Object;)Ljava/lang/Object;+57
j  com.mathworks.toolbox.javabuilder.internal.MWMCR$5.invoke(Ljava/lang/Object;Ljava/lang/reflect/Method;[Ljava/lang/Object;)Ljava/lang/Object;+8
j  com.sun.proxy.$Proxy0.mclWaitForFiguresToDie(Lcom/mathworks/toolbox/javabuilder/internal/NativePtr;)V+16
v  ~StubRoutines::call_stub
j  sun.reflect.NativeMethodAccessorImpl.invoke0(Ljava/lang/reflect/Method;Ljava/lang/Object;[Ljava/lang/Object;)Ljava/lang/Object;+0
j  sun.reflect.NativeMethodAccessorImpl.invoke(Ljava/lang/Object;[Ljava/lang/Object;)Ljava/lang/Object;+87
j  sun.reflect.DelegatingMethodAccessorImpl.invoke(Ljava/lang/Object;[Ljava/lang/Object;)Ljava/lang/Object;+6
j  java.lang.reflect.Method.invoke(Ljava/lang/Object;[Ljava/lang/Object;)Ljava/lang/Object;+57
j  com.mathworks.toolbox.javabuilder.internal.MWMCR$4$1.call()Ljava/lang/Object;+11
j  com.mathworks.toolbox.javabuilder.internal.MCRThreadUtilities$CallableWrapper.call()Ljava/lang/Object;+4
j  java.util.concurrent.FutureTask.run()V+42
j  java.util.concurrent.ScheduledThreadPoolExecutor$ScheduledFutureTask.access$201(Ljava/util/concurrent/ScheduledThreadPoolExecutor$ScheduledFutureTask;)V+1
j  java.util.concurrent.ScheduledThreadPoolExecutor$ScheduledFutureTask.run()V+30
j  java.util.concurrent.ThreadPoolExecutor.runWorker(Ljava/util/concurrent/ThreadPoolExecutor$Worker;)V+95
j  java.util.concurrent.ThreadPoolExecutor$Worker.run()V+5
j  java.lang.Thread.run()V+11
v  ~StubRoutines::call_stub

---------------  P R O C E S S  ---------------

Java Threads: ( => current thread )
  0x0000000014be8000 JavaThread "Thread-2" [_thread_in_native, id=110024, stack(0x0000000025540000,0x0000000025640000)]
  0x0000000014be4800 JavaThread "Thread-10" [_thread_blocked, id=99288, stack(0x00000000250e0000,0x00000000251e0000)]
  0x0000000014be3800 JavaThread "com.google.common.base.internal.Finalizer" daemon [_thread_blocked, id=38836, stack(0x000000001e960000,0x000000001ea60000)]
  0x000000001513e000 JavaThread "EventMgr Dispatcher" daemon [_thread_in_native, id=60976, stack(0x000000001bcc0000,0x000000001bdc0000)]
=>0x0000000014b2a000 JavaThread "Thread-3" daemon [_thread_in_native, id=44468, stack(0x000000001bf90000,0x000000001c090000)]
  0x000000000c6e8800 JavaThread "TimerQueue" daemon [_thread_blocked, id=64228, stack(0x00000000151f0000,0x00000000152f0000)]
  0x000000000243f000 JavaThread "DestroyJavaVM" [_thread_blocked, id=25268, stack(0x0000000002780000,0x0000000002880000)]
  0x000000000c45c000 JavaThread "AWT-EventQueue-0" [_thread_blocked, id=112872, stack(0x0000000011290000,0x0000000011390000)]
  0x000000000c415000 JavaThread "AWT-Shutdown" [_thread_blocked, id=113396, stack(0x000000000e320000,0x000000000e420000)]
  0x000000000c414800 JavaThread "Java2D Disposer" daemon [_thread_blocked, id=126252, stack(0x000000000e1f0000,0x000000000e2f0000)]
  0x000000000c3b3000 JavaThread "Service Thread" daemon [_thread_blocked, id=31756, stack(0x000000000e000000,0x000000000e100000)]
  0x000000000b2ff000 JavaThread "C2 CompilerThread1" daemon [_thread_blocked, id=45712, stack(0x000000000dd80000,0x000000000de80000)]
  0x000000000c3a6800 JavaThread "C2 CompilerThread0" daemon [_thread_blocked, id=50072, stack(0x000000000d7f0000,0x000000000d8f0000)]
  0x000000000c3a6000 JavaThread "Attach Listener" daemon [_thread_blocked, id=66612, stack(0x000000000db70000,0x000000000dc70000)]
  0x000000000c39c000 JavaThread "Signal Dispatcher" daemon [_thread_blocked, id=117076, stack(0x000000000d990000,0x000000000da90000)]
  0x000000000b2e1800 JavaThread "Finalizer" daemon [_thread_blocked, id=51496, stack(0x000000000d6b0000,0x000000000d7b0000)]
  0x0000000002366800 JavaThread "Reference Handler" daemon [_thread_blocked, id=104716, stack(0x000000000d540000,0x000000000d640000)]

Other Threads:
  0x000000000b2de000 VMThread [stack: 0x000000000d380000,0x000000000d480000] [id=101840]
  0x000000000c3c4800 WatcherThread [stack: 0x000000000def0000,0x000000000dff0000] [id=67268]

VM state:not at safepoint (normal execution)

VM Mutex/Monitor currently owned by a thread: None

Heap
 PSYoungGen      total 137216K, used 65029K [0x00000007d5880000, 0x00000007de480000, 0x0000000800000000)
  eden space 131072K, 46% used [0x00000007d5880000,0x00000007d93895d8,0x00000007dd880000)
  from space 6144K, 74% used [0x00000007dde80000,0x00000007de2f8010,0x00000007de480000)
  to   space 6144K, 0% used [0x00000007dd880000,0x00000007dd880000,0x00000007dde80000)
 ParOldGen       total 86528K, used 4963K [0x0000000780a00000, 0x0000000785e80000, 0x00000007d5880000)
  object space 86528K, 5% used [0x0000000780a00000,0x0000000780ed8f88,0x0000000785e80000)
 PSPermGen       total 25088K, used 24592K [0x000000077b800000, 0x000000077d080000, 0x0000000780a00000)
  object space 25088K, 98% used [0x000000077b800000,0x000000077d004040,0x000000077d080000)

Card table byte_map: [0x0000000005880000,0x0000000005cb0000] byte_map_base: 0x0000000001ca4000

Polling page: 0x00000000005f0000

Code Cache  [0x0000000002880000, 0x0000000002af0000, 0x0000000005880000)
 total_blobs=840 nmethods=288 adapters=504 free_code_cache=47992Kb largest_free_block=49103168

Compilation events (10 events):
Event: 26.614 Thread 0x000000000c3a6800  304             java.lang.Object::equals (11 bytes)
Event: 26.614 Thread 0x000000000c3a6800 nmethod 304 0x0000000002994790 code [0x00000000029948c0, 0x0000000002994938]
Event: 27.330 Thread 0x000000000b2ff000  305             java.util.Arrays::fill (21 bytes)
Event: 27.332 Thread 0x000000000b2ff000 nmethod 305 0x00000000029a0850 code [0x00000000029a0980, 0x00000000029a0b38]
Event: 27.344 Thread 0x000000000c3a6800  306 %           java.util.Arrays::fill @ 5 (21 bytes)
Event: 27.347 Thread 0x000000000c3a6800 nmethod 306% 0x0000000002992050 code [0x00000000029921a0, 0x0000000002992438]
Event: 27.347 Thread 0x000000000b2ff000  307             java.util.Arrays::fill (21 bytes)
Event: 27.349 Thread 0x000000000b2ff000 nmethod 307 0x0000000002995cd0 code [0x0000000002995e20, 0x0000000002996018]
Event: 27.350 Thread 0x000000000c3a6800  308             java.util.Arrays::fill (21 bytes)
Event: 27.354 Thread 0x000000000c3a6800 nmethod 308 0x000000000296e550 code [0x000000000296e680, 0x000000000296ea78]

GC Heap History (10 events):
Event: 16.012 GC heap before
{Heap before GC invocations=4 (full 0):
 PSYoungGen      total 38400K, used 37667K [0x00000007d5880000, 0x00000007d8300000, 0x0000000800000000)
  eden space 33280K, 100% used [0x00000007d5880000,0x00000007d7900000,0x00000007d7900000)
  from space 5120K, 85% used [0x00000007d7900000,0x00000007d7d48f58,0x00000007d7e00000)
  to   space 5120K, 0% used [0x00000007d7e00000,0x00000007d7e00000,0x00000007d8300000)
 ParOldGen       total 86528K, used 24K [0x0000000780a00000, 0x0000000785e80000, 0x00000007d5880000)
  object space 86528K, 0% used [0x0000000780a00000,0x0000000780a06000,0x0000000785e80000)
 PSPermGen       total 21504K, used 16703K [0x000000077b800000, 0x000000077cd00000, 0x0000000780a00000)
  object space 21504K, 77% used [0x000000077b800000,0x000000077c84fd08,0x000000077cd00000)
Event: 16.016 GC heap after
Heap after GC invocations=4 (full 0):
 PSYoungGen      total 38400K, used 4064K [0x00000007d5880000, 0x00000007d8300000, 0x0000000800000000)
  eden space 33280K, 0% used [0x00000007d5880000,0x00000007d5880000,0x00000007d7900000)
  from space 5120K, 79% used [0x00000007d7e00000,0x00000007d81f83f0,0x00000007d8300000)
  to   space 5120K, 0% used [0x00000007d7900000,0x00000007d7900000,0x00000007d7e00000)
 ParOldGen       total 86528K, used 32K [0x0000000780a00000, 0x0000000785e80000, 0x00000007d5880000)
  object space 86528K, 0% used [0x0000000780a00000,0x0000000780a08000,0x0000000785e80000)
 PSPermGen       total 21504K, used 16703K [0x000000077b800000, 0x000000077cd00000, 0x0000000780a00000)
  object space 21504K, 77% used [0x000000077b800000,0x000000077c84fd08,0x000000077cd00000)
}
Event: 16.151 GC heap before
{Heap before GC invocations=5 (full 0):
 PSYoungGen      total 38400K, used 37344K [0x00000007d5880000, 0x00000007d8300000, 0x0000000800000000)
  eden space 33280K, 100% used [0x00000007d5880000,0x00000007d7900000,0x00000007d7900000)
  from space 5120K, 79% used [0x00000007d7e00000,0x00000007d81f83f0,0x00000007d8300000)
  to   space 5120K, 0% used [0x00000007d7900000,0x00000007d7900000,0x00000007d7e00000)
 ParOldGen       total 86528K, used 32K [0x0000000780a00000, 0x0000000785e80000, 0x00000007d5880000)
  object space 86528K, 0% used [0x0000000780a00000,0x0000000780a08000,0x0000000785e80000)
 PSPermGen       total 21504K, used 18729K [0x000000077b800000, 0x000000077cd00000, 0x0000000780a00000)
  object space 21504K, 87% used [0x000000077b800000,0x000000077ca4a7a8,0x000000077cd00000)
Event: 16.156 GC heap after
Heap after GC invocations=5 (full 0):
 PSYoungGen      total 38400K, used 5103K [0x00000007d5880000, 0x00000007da480000, 0x0000000800000000)
  eden space 33280K, 0% used [0x00000007d5880000,0x00000007d5880000,0x00000007d7900000)
  from space 5120K, 99% used [0x00000007d7900000,0x00000007d7dfbff0,0x00000007d7e00000)
  to   space 5632K, 0% used [0x00000007d9f00000,0x00000007d9f00000,0x00000007da480000)
 ParOldGen       total 86528K, used 546K [0x0000000780a00000, 0x0000000785e80000, 0x00000007d5880000)
  object space 86528K, 0% used [0x0000000780a00000,0x0000000780a88908,0x0000000785e80000)
 PSPermGen       total 21504K, used 18729K [0x000000077b800000, 0x000000077cd00000, 0x0000000780a00000)
  object space 21504K, 87% used [0x000000077b800000,0x000000077ca4a7a8,0x000000077cd00000)
}
Event: 16.289 GC heap before
{Heap before GC invocations=6 (full 0):
 PSYoungGen      total 38400K, used 38383K [0x00000007d5880000, 0x00000007da480000, 0x0000000800000000)
  eden space 33280K, 100% used [0x00000007d5880000,0x00000007d7900000,0x00000007d7900000)
  from space 5120K, 99% used [0x00000007d7900000,0x00000007d7dfbff0,0x00000007d7e00000)
  to   space 5632K, 0% used [0x00000007d9f00000,0x00000007d9f00000,0x00000007da480000)
 ParOldGen       total 86528K, used 546K [0x0000000780a00000, 0x0000000785e80000, 0x00000007d5880000)
  object space 86528K, 0% used [0x0000000780a00000,0x0000000780a88908,0x0000000785e80000)
 PSPermGen       total 21504K, used 20033K [0x000000077b800000, 0x000000077cd00000, 0x0000000780a00000)
  object space 21504K, 93% used [0x000000077b800000,0x000000077cb904a0,0x000000077cd00000)
Event: 16.295 GC heap after
Heap after GC invocations=6 (full 0):
 PSYoungGen      total 71168K, used 5600K [0x00000007d5880000, 0x00000007da680000, 0x0000000800000000)
  eden space 65536K, 0% used [0x00000007d5880000,0x00000007d5880000,0x00000007d9880000)
  from space 5632K, 99% used [0x00000007d9f00000,0x00000007da4783f0,0x00000007da480000)
  to   space 6656K, 0% used [0x00000007d9880000,0x00000007d9880000,0x00000007d9f00000)
 ParOldGen       total 86528K, used 1000K [0x0000000780a00000, 0x0000000785e80000, 0x00000007d5880000)
  object space 86528K, 1% used [0x0000000780a00000,0x0000000780afa0e8,0x0000000785e80000)
 PSPermGen       total 21504K, used 20033K [0x000000077b800000, 0x000000077cd00000, 0x0000000780a00000)
  object space 21504K, 93% used [0x000000077b800000,0x000000077cb904a0,0x000000077cd00000)
}
Event: 16.723 GC heap before
{Heap before GC invocations=7 (full 0):
 PSYoungGen      total 71168K, used 71136K [0x00000007d5880000, 0x00000007da680000, 0x0000000800000000)
  eden space 65536K, 100% used [0x00000007d5880000,0x00000007d9880000,0x00000007d9880000)
  from space 5632K, 99% used [0x00000007d9f00000,0x00000007da4783f0,0x00000007da480000)
  to   space 6656K, 0% used [0x00000007d9880000,0x00000007d9880000,0x00000007d9f00000)
 ParOldGen       total 86528K, used 1000K [0x0000000780a00000, 0x0000000785e80000, 0x00000007d5880000)
  object space 86528K, 1% used [0x0000000780a00000,0x0000000780afa0e8,0x0000000785e80000)
 PSPermGen       total 22016K, used 21959K [0x000000077b800000, 0x000000077cd80000, 0x0000000780a00000)
  object space 22016K, 99% used [0x000000077b800000,0x000000077cd71e20,0x000000077cd80000)
Event: 16.730 GC heap after
Heap after GC invocations=7 (full 0):
 PSYoungGen      total 72192K, used 4387K [0x00000007d5880000, 0x00000007de480000, 0x0000000800000000)
  eden space 65536K, 0% used [0x00000007d5880000,0x00000007d5880000,0x00000007d9880000)
  from space 6656K, 65% used [0x00000007d9880000,0x00000007d9cc8dc8,0x00000007d9f00000)
  to   space 6144K, 0% used [0x00000007dde80000,0x00000007dde80000,0x00000007de480000)
 ParOldGen       total 86528K, used 4611K [0x0000000780a00000, 0x0000000785e80000, 0x00000007d5880000)
  object space 86528K, 5% used [0x0000000780a00000,0x0000000780e80f88,0x0000000785e80000)
 PSPermGen       total 22016K, used 21959K [0x000000077b800000, 0x000000077cd80000, 0x0000000780a00000)
  object space 22016K, 99% used [0x000000077b800000,0x000000077cd71e20,0x000000077cd80000)
}
Event: 17.055 GC heap before
{Heap before GC invocations=8 (full 0):
 PSYoungGen      total 72192K, used 69923K [0x00000007d5880000, 0x00000007de480000, 0x0000000800000000)
  eden space 65536K, 100% used [0x00000007d5880000,0x00000007d9880000,0x00000007d9880000)
  from space 6656K, 65% used [0x00000007d9880000,0x00000007d9cc8dc8,0x00000007d9f00000)
  to   space 6144K, 0% used [0x00000007dde80000,0x00000007dde80000,0x00000007de480000)
 ParOldGen       total 86528K, used 4611K [0x0000000780a00000, 0x0000000785e80000, 0x00000007d5880000)
  object space 86528K, 5% used [0x0000000780a00000,0x0000000780e80f88,0x0000000785e80000)
 PSPermGen       total 24064K, used 23926K [0x000000077b800000, 0x000000077cf80000, 0x0000000780a00000)
  object space 24064K, 99% used [0x000000077b800000,0x000000077cf5d840,0x000000077cf80000)
Event: 17.059 GC heap after
Heap after GC invocations=8 (full 0):
 PSYoungGen      total 137216K, used 4576K [0x00000007d5880000, 0x00000007de480000, 0x0000000800000000)
  eden space 131072K, 0% used [0x00000007d5880000,0x00000007d5880000,0x00000007dd880000)
  from space 6144K, 74% used [0x00000007dde80000,0x00000007de2f8010,0x00000007de480000)
  to   space 6144K, 0% used [0x00000007dd880000,0x00000007dd880000,0x00000007dde80000)
 ParOldGen       total 86528K, used 4963K [0x0000000780a00000, 0x0000000785e80000, 0x00000007d5880000)
  object space 86528K, 5% used [0x0000000780a00000,0x0000000780ed8f88,0x0000000785e80000)
 PSPermGen       total 24064K, used 23926K [0x000000077b800000, 0x000000077cf80000, 0x0000000780a00000)
  object space 24064K, 99% used [0x000000077b800000,0x000000077cf5d840,0x000000077cf80000)
}

Deoptimization events (10 events):
Event: 19.302 Thread 0x000000000c45c000 Uncommon trap: reason=class_check action=maybe_recompile pc=0x000000000291ae34 method=java.awt.Container.findComponentAtImpl(IIZ)Ljava/awt/Component; @ 134
Event: 19.303 Thread 0x000000000c45c000 Uncommon trap: reason=class_check action=maybe_recompile pc=0x000000000291ae34 method=java.awt.Container.findComponentAtImpl(IIZ)Ljava/awt/Component; @ 134
Event: 19.310 Thread 0x000000000c45c000 Uncommon trap: reason=class_check action=maybe_recompile pc=0x000000000291ae34 method=java.awt.Container.findComponentAtImpl(IIZ)Ljava/awt/Component; @ 134
Event: 19.310 Thread 0x000000000c45c000 Uncommon trap: reason=class_check action=maybe_recompile pc=0x000000000291ae34 method=java.awt.Container.findComponentAtImpl(IIZ)Ljava/awt/Component; @ 134
Event: 27.333 Thread 0x0000000014be5000 Uncommon trap: reason=predicate action=maybe_recompile pc=0x00000000029a0afc method=java.util.Arrays.fill([Ljava/lang/Object;Ljava/lang/Object;)V @ 10
Event: 27.350 Thread 0x0000000014be5000 Uncommon trap: reason=array_check action=maybe_recompile pc=0x0000000002995fe4 method=java.util.Arrays.fill([Ljava/lang/Object;Ljava/lang/Object;)V @ 13
Event: 27.350 Thread 0x0000000014be5000 Uncommon trap: reason=array_check action=maybe_recompile pc=0x00000000029923e8 method=java.util.Arrays.fill([Ljava/lang/Object;Ljava/lang/Object;)V @ 13
Event: 27.350 Thread 0x0000000014be5000 Uncommon trap: reason=array_check action=maybe_recompile pc=0x0000000002995fe4 method=java.util.Arrays.fill([Ljava/lang/Object;Ljava/lang/Object;)V @ 13
Event: 27.350 Thread 0x0000000014be5000 Uncommon trap: reason=array_check action=maybe_recompile pc=0x0000000002995fe4 method=java.util.Arrays.fill([Ljava/lang/Object;Ljava/lang/Object;)V @ 13
Event: 27.352 Thread 0x0000000014be5000 Uncommon trap: reason=array_check action=maybe_recompile pc=0x00000000029923e8 method=java.util.Arrays.fill([Ljava/lang/Object;Ljava/lang/Object;)V @ 13

Internal exceptions (10 events):
Event: 27.316 Thread 0x0000000014c96800 Threw 0x00000007d8fb0e60 at C:\re\jdk7u79\2331\hotspot\src\share\vm\prims\jvm.cpp:1304
Event: 27.316 Thread 0x0000000014c96800 Threw 0x00000007d8fb12a0 at C:\re\jdk7u79\2331\hotspot\src\share\vm\prims\jvm.cpp:1304
Event: 27.316 Thread 0x0000000014c96800 Threw 0x00000007d8fb2088 at C:\re\jdk7u79\2331\hotspot\src\share\vm\prims\jvm.cpp:1304
Event: 27.316 Thread 0x0000000014c96800 Threw 0x00000007d8fbccc0 at C:\re\jdk7u79\2331\hotspot\src\share\vm\prims\jvm.cpp:1304
Event: 27.364 Thread 0x0000000014c96800 Threw 0x00000007d8fbdc98 at C:\re\jdk7u79\2331\hotspot\src\share\vm\prims\jvm.cpp:1304
Event: 27.364 Thread 0x0000000014c96800 Threw 0x00000007d8fbeec8 at C:\re\jdk7u79\2331\hotspot\src\share\vm\prims\jvm.cpp:1304
Event: 27.365 Thread 0x0000000014c96800 Threw 0x00000007d8fd33c8 at C:\re\jdk7u79\2331\hotspot\src\share\vm\prims\jvm.cpp:1304
Event: 27.365 Thread 0x0000000014c96800 Threw 0x00000007d8fd4598 at C:\re\jdk7u79\2331\hotspot\src\share\vm\prims\jvm.cpp:1304
Event: 27.366 Thread 0x0000000014c96800 Threw 0x00000007d8fe75b0 at C:\re\jdk7u79\2331\hotspot\src\share\vm\prims\jvm.cpp:1304
Event: 27.366 Thread 0x0000000014c96800 Threw 0x00000007d8fe8710 at C:\re\jdk7u79\2331\hotspot\src\share\vm\prims\jvm.cpp:1304

Events (10 events):
Event: 27.365 loading class 0x000000001def8290
Event: 27.365 loading class 0x000000001def8290 done
Event: 27.365 Thread 0x0000000014be5000 Thread added: 0x0000000014be5000
Event: 27.366 loading class 0x000000001dc212b0
Event: 27.366 loading class 0x000000001dc212b0 done
Event: 27.366 Executing VM operation: RevokeBias
Event: 27.366 Executing VM operation: RevokeBias done
Event: 27.366 Thread 0x0000000014be5000 Thread exited: 0x0000000014be5000
Event: 27.409 Thread 0x0000000014bea800 Thread exited: 0x0000000014bea800
Event: 27.876 Thread 0x0000000014c96800 Thread exited: 0x0000000014c96800


Dynamic libraries:
0x000000013fac0000 - 0x000000013faf3000 	C:\Program Files\Java\jdk1.7.0_79\bin\javaw.exe
0x0000000077500000 - 0x00000000776a8000 	C:\Windows\SYSTEM32\ntdll.dll
0x00000000772e0000 - 0x00000000773ff000 	C:\Windows\system32\kernel32.dll
0x000007fefd610000 - 0x000007fefd67c000 	C:\Windows\system32\KERNELBASE.dll
0x000007fefe180000 - 0x000007fefe25b000 	C:\Windows\system32\ADVAPI32.dll
0x000007fefe0e0000 - 0x000007fefe17f000 	C:\Windows\system32\msvcrt.dll
0x000007feff7a0000 - 0x000007feff7bf000 	C:\Windows\SYSTEM32\sechost.dll
0x000007feff460000 - 0x000007feff58d000 	C:\Windows\system32\RPCRT4.dll
0x0000000077400000 - 0x00000000774fa000 	C:\Windows\system32\USER32.dll
0x000007fefdaa0000 - 0x000007fefdb07000 	C:\Windows\system32\GDI32.dll
0x000007fefe290000 - 0x000007fefe29e000 	C:\Windows\system32\LPK.dll
0x000007fefd790000 - 0x000007fefd859000 	C:\Windows\system32\USP10.dll
0x000007fefbcd0000 - 0x000007fefbec4000 	C:\Windows\WinSxS\amd64_microsoft.windows.common-controls_6595b64144ccf1df_6.0.7601.17514_none_fa396087175ac9ac\COMCTL32.dll
0x000007feff300000 - 0x000007feff371000 	C:\Windows\system32\SHLWAPI.dll
0x000007fefe260000 - 0x000007fefe28e000 	C:\Windows\system32\IMM32.DLL
0x000007fefd680000 - 0x000007fefd789000 	C:\Windows\system32\MSCTF.dll
0x0000000061e00000 - 0x0000000061ed2000 	C:\Program Files\Java\jdk1.7.0_79\jre\bin\msvcr100.dll
0x00000000574c0000 - 0x0000000057c95000 	C:\Program Files\Java\jdk1.7.0_79\jre\bin\server\jvm.dll
0x000007fef9aa0000 - 0x000007fef9aa9000 	C:\Windows\system32\WSOCK32.dll
0x000007feff7c0000 - 0x000007feff80d000 	C:\Windows\system32\WS2_32.dll
0x000007fefda90000 - 0x000007fefda98000 	C:\Windows\system32\NSI.dll
0x000007fefadb0000 - 0x000007fefadeb000 	C:\Windows\system32\WINMM.dll
0x00000000776c0000 - 0x00000000776c7000 	C:\Windows\system32\PSAPI.DLL
0x00000000729f0000 - 0x00000000729ff000 	C:\Program Files\Java\jdk1.7.0_79\jre\bin\verify.dll
0x000000006f110000 - 0x000000006f138000 	C:\Program Files\Java\jdk1.7.0_79\jre\bin\java.dll
0x0000000065320000 - 0x0000000065335000 	C:\Program Files\Java\jdk1.7.0_79\jre\bin\zip.dll
0x0000000056e40000 - 0x0000000056fd5000 	C:\Program Files\Java\jdk1.7.0_79\jre\bin\awt.dll
0x000007feff380000 - 0x000007feff457000 	C:\Windows\system32\OLEAUT32.dll
0x000007feff590000 - 0x000007feff793000 	C:\Windows\system32\ole32.dll
0x000007fefb9e0000 - 0x000007fefba36000 	C:\Windows\system32\uxtheme.dll
0x000007fefd100000 - 0x000007fefd157000 	C:\Windows\system32\apphelp.dll
0x000007fef5fb0000 - 0x000007fef67fc000 	C:\Windows\system32\SOGOUPY.IME
0x000007fefaef0000 - 0x000007fefaef7000 	C:\Windows\system32\MSIMG32.dll
0x000007fefafc0000 - 0x000007fefb014000 	C:\Windows\system32\OLEACC.dll
0x000007fefaec0000 - 0x000007fefaeed000 	C:\Windows\system32\ntmarta.dll
0x000007fefdc50000 - 0x000007fefdca2000 	C:\Windows\system32\WLDAP32.dll
0x000007fefc360000 - 0x000007fefc36c000 	C:\Windows\system32\VERSION.dll
0x000007fefe570000 - 0x000007feff2f8000 	C:\Windows\system32\SHELL32.dll
0x000007fefb4b0000 - 0x000007fefb4c8000 	C:\Windows\system32\dwmapi.dll
0x000007fefd160000 - 0x000007fefd16f000 	C:\Windows\system32\CRYPTBASE.dll
0x000007fef6fd0000 - 0x000007fef703d000 	D:\Program\sougou\SogouInput\Components\AddressSearch\1.0.0.895\AddressSearch64.dll
0x00000000065f0000 - 0x0000000006603000 	D:\Program\Dict\6.3.67.7016\WordStrokeHelper64.dll
0x000007fef6cb0000 - 0x000007fef6ed8000 	D:\Program\sougou\SogouInput\Components\PicFace\1.0.0.1390\PicFace64.dll
0x000007fefd2d0000 - 0x000007fefd2df000 	C:\Windows\system32\profapi.dll
0x0000000062730000 - 0x0000000062777000 	C:\Program Files\Java\jdk1.7.0_79\jre\bin\fontmanager.dll
0x00000000627a0000 - 0x00000000627ba000 	C:\Program Files\Java\jdk1.7.0_79\jre\bin\net.dll
0x000007fefca80000 - 0x000007fefcad5000 	C:\Windows\system32\mswsock.dll
0x000007fefca70000 - 0x000007fefca77000 	C:\Windows\System32\wship6.dll
0x0000000062780000 - 0x0000000062791000 	C:\Program Files\Java\jdk1.7.0_79\jre\bin\nio.dll
0x0000000062450000 - 0x0000000062491000 	C:\Program Files\Java\jdk1.7.0_79\jre\bin\t2k.dll
0x000007fefd860000 - 0x000007fefd8f9000 	C:\Windows\system32\CLBCatQ.DLL
0x000007fefb300000 - 0x000007fefb461000 	C:\Windows\system32\WindowsCodecs.dll
0x000007fef0d80000 - 0x000007fef0dd9000 	C:\Users\dell\AppData\Roaming\ytmediacenter\X64\report64.dll
0x0000000072860000 - 0x00000000728f8000 	C:\Windows\system32\MSVCP100.dll
0x000007fefa750000 - 0x000007fefa777000 	C:\Windows\system32\IPHLPAPI.DLL
0x000007fefa740000 - 0x000007fefa74b000 	C:\Windows\system32\WINNSI.DLL
0x000007fefdcb0000 - 0x000007fefdef8000 	C:\Windows\system32\WININET.dll
0x000007fefd360000 - 0x000007fefd364000 	C:\Windows\system32\api-ms-win-downlevel-user32-l1-1-0.dll
0x000007fefd2e0000 - 0x000007fefd2e4000 	C:\Windows\system32\api-ms-win-downlevel-shlwapi-l1-1-0.dll
0x000007fefd350000 - 0x000007fefd354000 	C:\Windows\system32\api-ms-win-downlevel-version-l1-1-0.dll
0x000007fefd430000 - 0x000007fefd433000 	C:\Windows\system32\api-ms-win-downlevel-normaliz-l1-1-0.dll
0x00000000776d0000 - 0x00000000776d3000 	C:\Windows\system32\normaliz.DLL
0x000007fefe2a0000 - 0x000007fefe567000 	C:\Windows\system32\iertutil.dll
0x000007fefd380000 - 0x000007fefd385000 	C:\Windows\system32\api-ms-win-downlevel-advapi32-l1-1-0.dll
0x000007fefd5f0000 - 0x000007fefd60e000 	C:\Windows\system32\USERENV.dll
0x000007fef1330000 - 0x000007fef1395000 	C:\Users\dell\AppData\Roaming\ytmediacenter\X64\coreplay64.dll
0x000007fef6af0000 - 0x000007fef6b25000 	C:\Windows\system32\EhStorShell.dll
0x000007fefdf00000 - 0x000007fefe0d7000 	C:\Windows\system32\SETUPAPI.dll
0x000007fefd2f0000 - 0x000007fefd326000 	C:\Windows\system32\CFGMGR32.dll
0x000007fefd330000 - 0x000007fefd34a000 	C:\Windows\system32\DEVOBJ.dll
0x000007fefbaa0000 - 0x000007fefbbcc000 	C:\Windows\system32\PROPSYS.dll
0x000007fef8cc0000 - 0x000007fef8ccf000 	C:\Windows\system32\CSCAPI.dll
0x000007fef5ed0000 - 0x000007fef5f50000 	C:\Windows\system32\ntshrui.dll
0x000007fefcd10000 - 0x000007fefcd33000 	C:\Windows\system32\srvcli.dll
0x000007fefac70000 - 0x000007fefac7b000 	C:\Windows\system32\slc.dll
0x000007fef02d0000 - 0x000007fef036e000 	C:\Windows\system32\RICHED20.DLL
0x0000000010f60000 - 0x000000001103d000 	D:\Program\sougou\SogouInput\7.7.0.7006\Resource.dll
0x000007feef940000 - 0x000007feefbae000 	D:\Program\Dict\6.3.67.7016\TextExtractorImpl64.dll
0x000007fef74b0000 - 0x000007fef7521000 	C:\Windows\system32\WINSPOOL.DRV
0x000007fefdb90000 - 0x000007fefdc27000 	C:\Windows\system32\COMDLG32.dll
0x000007fefb690000 - 0x000007fefb8a6000 	C:\Windows\WinSxS\amd64_microsoft.windows.gdiplus_6595b64144ccf1df_1.1.7601.18455_none_2b283fd671e9bf4d\gdiplus.dll
0x000007fefb2f0000 - 0x000007fefb2f7000 	D:\Program Files\MATLAB\R2012a\bin\win64\BuilderJABootstrap.dll
0x0000000061ee0000 - 0x0000000061fb3000 	C:\Windows\WinSxS\amd64_microsoft.vc90.crt_1fc8b3b9a1e18e3b_9.0.30729.4940_none_08e4299fa83d7e3c\MSVCP90.dll
0x000000006fde0000 - 0x000000006fe7d000 	C:\Windows\WinSxS\amd64_microsoft.vc90.crt_1fc8b3b9a1e18e3b_9.0.30729.4940_none_08e4299fa83d7e3c\MSVCR90.dll
0x000007fef5c50000 - 0x000007fef5c5d000 	D:\Program Files\MATLAB\R2012a\bin\win64\nativedl.dll
0x0000000073f70000 - 0x00000000740ad000 	d:\Program Files\MATLAB\R2012a\bin\win64\libmwfl.dll
0x0000000180000000 - 0x000000018000b000 	D:\Program Files\MATLAB\R2012a\bin\win64\libmwresource_core.dll
0x00000000758a0000 - 0x0000000075952000 	D:\Program Files\MATLAB\R2012a\bin\win64\libmwi18n.dll
0x000000007a170000 - 0x000000007a19c000 	D:\Program Files\MATLAB\R2012a\bin\win64\boost_filesystem-vc90-mt-1_44.dll
0x000000007a560000 - 0x000000007a569000 	D:\Program Files\MATLAB\R2012a\bin\win64\boost_system-vc90-mt-1_44.dll
0x000000007a010000 - 0x000000007a035000 	D:\Program Files\MATLAB\R2012a\bin\win64\LIBEXPAT.dll
0x0000000056c40000 - 0x0000000056e31000 	D:\Program Files\MATLAB\R2012a\bin\win64\icuin44.dll
0x0000000061320000 - 0x0000000061491000 	D:\Program Files\MATLAB\R2012a\bin\win64\icuuc44.dll
0x0000000018850000 - 0x0000000019691000 	D:\Program Files\MATLAB\R2012a\bin\win64\icudt44.dll
0x00000000196a0000 - 0x0000000019996000 	D:\Program Files\MATLAB\R2012a\bin\win64\libmwMATLAB_res.dll
0x000000007a3b0000 - 0x000000007a3c0000 	D:\Program Files\MATLAB\R2012a\bin\win64\boost_date_time-vc90-mt-1_44.dll
0x000000007a250000 - 0x000000007a263000 	D:\Program Files\MATLAB\R2012a\bin\win64\boost_signals-vc90-mt-1_44.dll
0x000000007a2d0000 - 0x000000007a2e2000 	D:\Program Files\MATLAB\R2012a\bin\win64\boost_thread-vc90-mt-1_44.dll
0x0000000013c40000 - 0x0000000013c86000 	D:\Program Files\MATLAB\R2012a\bin\win64\tbb.dll
0x000007fefdc30000 - 0x000007fefdc49000 	C:\Windows\system32\imagehlp.dll
0x000007feee860000 - 0x000007feeec0a000 	d:\Program Files\MATLAB\R2012a\bin\win64\nativemcl.dll
0x0000000074460000 - 0x0000000074554000 	D:\Program Files\MATLAB\R2012a\bin\win64\libut.dll
0x0000000062710000 - 0x0000000062723000 	D:\Program Files\MATLAB\R2012a\bin\win64\icuio44.dll
0x000007fef1b20000 - 0x000007fef1c45000 	C:\Windows\system32\dbghelp.dll
0x0000000075a20000 - 0x0000000075ae2000 	D:\Program Files\MATLAB\R2012a\bin\win64\libmx.dll
0x000000007a210000 - 0x000000007a228000 	D:\Program Files\MATLAB\R2012a\bin\win64\zlib1.dll
0x00000000199a0000 - 0x0000000019c0a000 	D:\Program Files\MATLAB\R2012a\bin\win64\mclmcr.dll
0x0000000074970000 - 0x0000000074b06000 	D:\Program Files\MATLAB\R2012a\bin\win64\mcr.dll
0x0000000075000000 - 0x000000007536b000 	D:\Program Files\MATLAB\R2012a\bin\win64\iqm.dll
0x000000007bed0000 - 0x000000007c183000 	D:\Program Files\MATLAB\R2012a\bin\win64\libmwservices.dll
0x0000000013e30000 - 0x0000000013e51000 	D:\Program Files\MATLAB\R2012a\bin\win64\libmwmfl_scalar.dll
0x0000000075f10000 - 0x0000000075f5d000 	D:\Program Files\MATLAB\R2012a\bin\win64\mpath.dll
0x000000007b680000 - 0x000000007bbe1000 	D:\Program Files\MATLAB\R2012a\bin\win64\mlutil.dll
0x0000000061d80000 - 0x0000000061dff000 	D:\Program Files\MATLAB\R2012a\bin\win64\xmlcore.dll
0x000000007bc30000 - 0x000000007be83000 	D:\Program Files\MATLAB\R2012a\bin\win64\xerces-c_2_7.dll
0x0000000013fb0000 - 0x0000000013fca000 	D:\Program Files\MATLAB\R2012a\bin\win64\libmwMATLAB_settings_res.dll
0x00000000143f0000 - 0x0000000014437000 	D:\Program Files\MATLAB\R2012a\bin\win64\boost_serialization-vc90-mt-1_44.dll
0x000007fefb1c0000 - 0x000007fefb1d6000 	C:\Windows\system32\NETAPI32.dll
0x000007fefb1b0000 - 0x000007fefb1bc000 	C:\Windows\system32\netutils.dll
0x000007fefb190000 - 0x000007fefb1a5000 	C:\Windows\system32\wkscli.dll
0x00000000542f0000 - 0x0000000054b11000 	D:\Program Files\MATLAB\R2012a\bin\win64\m_interpreter.dll
0x0000000062640000 - 0x0000000062665000 	D:\Program Files\MATLAB\R2012a\bin\win64\libmex.dll
0x0000000061c40000 - 0x0000000061cf3000 	D:\Program Files\MATLAB\R2012a\bin\win64\m_dispatcher.dll
0x0000000074880000 - 0x000000007496d000 	D:\Program Files\MATLAB\R2012a\bin\win64\boost_regex-vc90-mt-1_44.dll
0x0000000062240000 - 0x00000000622c4000 	D:\Program Files\MATLAB\R2012a\bin\win64\profiler.dll
0x0000000019c10000 - 0x0000000019e65000 	D:\Program Files\MATLAB\R2012a\bin\win64\libmwmathutil.dll
0x0000000079f40000 - 0x0000000079f6d000 	D:\Program Files\MATLAB\R2012a\bin\win64\libmwmathrng.dll
0x0000000074c10000 - 0x0000000074ced000 	D:\Program Files\MATLAB\R2012a\bin\win64\libmwmathcore.dll

VM Arguments:
jvm_args: -Dfile.encoding=GBK 
java_command: test.ParallelRankBCAClient
Launcher Type: SUN_STANDARD

Environment Variables:
PATH=D:\Program Files\MATLAB\R2012a\bin\win64;C:/Program Files/Java/jdk1.7.0_79/bin/../jre/bin/server;C:/Program Files/Java/jdk1.7.0_79/bin/../jre/bin;C:/Program Files/Java/jdk1.7.0_79/bin/../jre/lib/amd64;C:\Program Files\Java\jdk1.7.0_79\bin;C:\Perl64\site\bin;C:\Perl64\bin;C:\Program Files (x86)\Common Files\NetSarang;D:\Program\Ruby22-x64\bin;C:\Program Files (x86)\AMD APP\bin\x86_64;C:\Program Files (x86)\AMD APP\bin\x86;C:\Windows\system32;C:\Windows;C:\Windows\System32\Wbem;C:\Windows\System32\WindowsPowerShell\v1.0\;C:\Program Files (x86)\ATI Technologies\ATI.ACE\Core-Static;D:\Program\java\bin;C:\Program Files (x86)\Microsoft SQL Server\100\Tools\Binn\;C:\Program Files\Microsoft SQL Server\100\Tools\Binn\;C:\Program Files\Microsoft SQL Server\100\DTS\Binn\;d:\Program Files\MATLAB\R2012a\runtime\win64;d:\Program Files\MATLAB\R2012a\bin;C:\Program Files\Java\jdk1.6.0_43\bin;d:\CTEX\UserData\miktex\bin;d:\CTEX\MiKTeX\miktex\bin;d:\CTEX\CTeX\ctex\bin;d:\CTEX\CTeX\cct\bin;d:\CTEX\CTeX\ty\bin;d:\CTEX\Ghostscript\gs9.05\bin;d:\CTEX\GSview\gsview;d:\CTEX\WinEdt;C:\cygwin64\bin;D:\我的数据\eclipse;
USERNAME=dell
OS=Windows_NT
PROCESSOR_IDENTIFIER=Intel64 Family 6 Model 58 Stepping 9, GenuineIntel



---------------  S Y S T E M  ---------------

OS: Windows 7 , 64 bit Build 7601 Service Pack 1

CPU:total 8 (4 cores per cpu, 2 threads per core) family 6 model 58 stepping 9, cmov, cx8, fxsr, mmx, sse, sse2, sse3, ssse3, sse4.1, sse4.2, popcnt, avx, aes, erms, ht, tsc, tscinvbit, tscinv

Memory: 4k page, physical 8342068k(4669020k free), swap 16682284k(9149384k free)

vm_info: Java HotSpot(TM) 64-Bit Server VM (24.79-b02) for windows-amd64 JRE (1.7.0_79-b15), built on Apr 10 2015 12:36:16 by "java_re" with unknown MS VC++:1600

time: Sat Nov 14 15:27:51 2015
elapsed time: 28 seconds

