#
# A fatal error has been detected by the Java Runtime Environment:
#
#  EXCEPTION_ACCESS_VIOLATION (0xc0000005) at pc=0x00000000194a56de, pid=3836, tid=117896
#
# JRE version: Java(TM) SE Runtime Environment (7.0_79-b15) (build 1.7.0_79-b15)
# Java VM: Java HotSpot(TM) 64-Bit Server VM (24.79-b02 mixed mode windows-amd64 compressed oops)
# Problematic frame:
# C  [mclmcr.dll+0xd56de]
#
# Failed to write core dump. Minidumps are not enabled by default on client versions of Windows
#
# If you would like to submit a bug report, please visit:
#   http://bugreport.java.com/bugreport/crash.jsp
# The crash happened outside the Java Virtual Machine in native code.
# See problematic frame for where to report the bug.
#

---------------  T H R E A D  ---------------

Current thread (0x0000000014d98000):  JavaThread "Thread-3" daemon [_thread_in_native, id=117896, stack(0x000000001be50000,0x000000001bf50000)]

siginfo: ExceptionCode=0xc0000005, reading address 0x0000000000000040

Registers:
RAX=0x000000001af3a5b0, RBX=0x000000001bf4df98, RCX=0x000000001af3a5b0, RDX=0x0000000019564af8
RSP=0x000000001bf4de00, RBP=0x000000001af3a5b0, RSI=0x0000000019564af8, RDI=0x0000000000000001
R8 =0x0000000000000001, R9 =0x000000001bf4df98, R10=0x0000000000000020, R11=0x000000001c5dc960
R12=0x000000001949c2f0, R13=0x0000000019600b70, R14=0x000000001bf4e158, R15=0x0000000014d98000
RIP=0x00000000194a56de, EFLAGS=0x0000000000010202

Top of Stack: (sp=0x000000001bf4de00)
0x000000001bf4de00:   000000001f5b5411 0000000075a36c88
0x000000001bf4de10:   0000000000000000 000000001af3a5b0
0x000000001bf4de20:   0000000000000001 000000001bf4de78
0x000000001bf4de30:   000000001bf4df38 000000001949d1a0
0x000000001bf4de40:   0000000000000000 000000001bf4dfd0
0x000000001bf4de50:   000000001af3a5b0 0000000000000504
0x000000001bf4de60:   0000000000000001 000000001bf4de78
0x000000001bf4de70:   000000001bf4df98 000000001c516ae0
0x000000001bf4de80:   0000000000000000 000000001f5b53d0
0x000000001bf4de90:   0000000000000000 0000000000000040
0x000000001bf4dea0:   000000000000004f 000000001bf4de70
0x000000001bf4deb0:   fffffffffffffffe 000000001ab234e0
0x000000001bf4dec0:   0000000000000000 000000001af5a500
0x000000001bf4ded0:   000000001bf4df50 0000000000000000
0x000000001bf4dee0:   000000000000000f 0000000000000a20
0x000000001bf4def0:   000000001a006e00 00000000749d07e8 

Instructions: (pc=0x00000000194a56de)
0x00000000194a56be:   8b 4c 24 68 4c 8b cb 4c 8b 10 48 89 4c 24 28 8b
0x00000000194a56ce:   4c 24 60 89 4c 24 20 44 8b c7 48 8b d6 48 8b c8
0x00000000194a56de:   41 ff 52 20 48 8b 5c 24 40 48 8b 74 24 48 48 83
0x00000000194a56ee:   c4 30 5f c3 cc cc cc cc cc cc cc cc cc cc cc cc 


Register to memory mapping:

RAX=0x000000001af3a5b0 is an unknown value
RBX=0x000000001bf4df98 is pointing into the stack for thread: 0x0000000014d98000
RCX=0x000000001af3a5b0 is an unknown value
RDX=0x0000000019564af8 is an unknown value
RSP=0x000000001bf4de00 is pointing into the stack for thread: 0x0000000014d98000
RBP=0x000000001af3a5b0 is an unknown value
RSI=0x0000000019564af8 is an unknown value
RDI=0x0000000000000001 is an unknown value
R8 =0x0000000000000001 is an unknown value
R9 =0x000000001bf4df98 is pointing into the stack for thread: 0x0000000014d98000
R10=0x0000000000000020 is an unknown value
R11=0x000000001c5dc960 is an unknown value
R12=0x000000001949c2f0 is an unknown value
R13=0x0000000019600b70 is an unknown value
R14=0x000000001bf4e158 is pointing into the stack for thread: 0x0000000014d98000
R15=0x0000000014d98000 is a thread


Stack: [0x000000001be50000,0x000000001bf50000],  sp=0x000000001bf4de00,  free space=1015k
Native frames: (J=compiled Java code, j=interpreted, Vv=VM code, C=native code)
C  [mclmcr.dll+0xd56de]

Java frames: (J=compiled Java code, j=interpreted, Vv=VM code)
j  com.mathworks.toolbox.javabuilder.internal.MWMCR.mclWaitForFiguresToDie(Lcom/mathworks/toolbox/javabuilder/internal/NativePtr;)V+0
j  com.mathworks.toolbox.javabuilder.internal.MWMCR.access$1200(Lcom/mathworks/toolbox/javabuilder/internal/NativePtr;)V+1
j  com.mathworks.toolbox.javabuilder.internal.MWMCR$6.mclWaitForFiguresToDie(Lcom/mathworks/toolbox/javabuilder/internal/NativePtr;)V+1
v  ~StubRoutines::call_stub
j  sun.reflect.NativeMethodAccessorImpl.invoke0(Ljava/lang/reflect/Method;Ljava/lang/Object;[Ljava/lang/Object;)Ljava/lang/Object;+0
j  sun.reflect.NativeMethodAccessorImpl.invoke(Ljava/lang/Object;[Ljava/lang/Object;)Ljava/lang/Object;+87
j  sun.reflect.DelegatingMethodAccessorImpl.invoke(Ljava/lang/Object;[Ljava/lang/Object;)Ljava/lang/Object;+6
j  java.lang.reflect.Method.invoke(Ljava/lang/Object;[Ljava/lang/Object;)Ljava/lang/Object;+57
j  com.mathworks.toolbox.javabuilder.internal.MWMCR$5.invoke(Ljava/lang/Object;Ljava/lang/reflect/Method;[Ljava/lang/Object;)Ljava/lang/Object;+8
j  com.sun.proxy.$Proxy0.mclWaitForFiguresToDie(Lcom/mathworks/toolbox/javabuilder/internal/NativePtr;)V+16
v  ~StubRoutines::call_stub
j  sun.reflect.NativeMethodAccessorImpl.invoke0(Ljava/lang/reflect/Method;Ljava/lang/Object;[Ljava/lang/Object;)Ljava/lang/Object;+0
j  sun.reflect.NativeMethodAccessorImpl.invoke(Ljava/lang/Object;[Ljava/lang/Object;)Ljava/lang/Object;+87
j  sun.reflect.DelegatingMethodAccessorImpl.invoke(Ljava/lang/Object;[Ljava/lang/Object;)Ljava/lang/Object;+6
j  java.lang.reflect.Method.invoke(Ljava/lang/Object;[Ljava/lang/Object;)Ljava/lang/Object;+57
j  com.mathworks.toolbox.javabuilder.internal.MWMCR$4$1.call()Ljava/lang/Object;+11
j  com.mathworks.toolbox.javabuilder.internal.MCRThreadUtilities$CallableWrapper.call()Ljava/lang/Object;+4
j  java.util.concurrent.FutureTask.run()V+42
j  java.util.concurrent.ScheduledThreadPoolExecutor$ScheduledFutureTask.access$201(Ljava/util/concurrent/ScheduledThreadPoolExecutor$ScheduledFutureTask;)V+1
j  java.util.concurrent.ScheduledThreadPoolExecutor$ScheduledFutureTask.run()V+30
j  java.util.concurrent.ThreadPoolExecutor.runWorker(Ljava/util/concurrent/ThreadPoolExecutor$Worker;)V+95
j  java.util.concurrent.ThreadPoolExecutor$Worker.run()V+5
j  java.lang.Thread.run()V+11
v  ~StubRoutines::call_stub

---------------  P R O C E S S  ---------------

Java Threads: ( => current thread )
  0x0000000014dbb000 JavaThread "Thread-10" [_thread_blocked, id=113704, stack(0x00000000247d0000,0x00000000248d0000)]
  0x0000000014dba800 JavaThread "com.google.common.base.internal.Finalizer" daemon [_thread_blocked, id=55124, stack(0x000000001f0f0000,0x000000001f1f0000)]
  0x000000001dc3a000 JavaThread "EventMgr Dispatcher" daemon [_thread_in_native, id=57684, stack(0x000000001bcc0000,0x000000001bdc0000)]
=>0x0000000014d98000 JavaThread "Thread-3" daemon [_thread_in_native, id=117896, stack(0x000000001be50000,0x000000001bf50000)]
  0x0000000014bc5800 JavaThread "TimerQueue" daemon [_thread_blocked, id=21580, stack(0x0000000010520000,0x0000000010620000)]
  0x00000000024ef000 JavaThread "DestroyJavaVM" [_thread_blocked, id=122256, stack(0x0000000002630000,0x0000000002730000)]
  0x000000000c352800 JavaThread "AWT-EventQueue-0" [_thread_blocked, id=112524, stack(0x0000000011090000,0x0000000011190000)]
  0x000000000c314000 JavaThread "AWT-Shutdown" [_thread_blocked, id=3976, stack(0x000000000e170000,0x000000000e270000)]
  0x000000000c339800 JavaThread "Java2D Disposer" daemon [_thread_blocked, id=73972, stack(0x000000000deb0000,0x000000000dfb0000)]
  0x000000000b1fe000 JavaThread "Service Thread" daemon [_thread_blocked, id=13020, stack(0x000000000dbb0000,0x000000000dcb0000)]
  0x000000000b1fc800 JavaThread "C2 CompilerThread1" daemon [_thread_blocked, id=25688, stack(0x000000000d700000,0x000000000d800000)]
  0x000000000c2b0000 JavaThread "C2 CompilerThread0" daemon [_thread_blocked, id=103448, stack(0x000000000d9f0000,0x000000000daf0000)]
  0x000000000c2af000 JavaThread "Attach Listener" daemon [_thread_blocked, id=110344, stack(0x000000000d840000,0x000000000d940000)]
  0x000000000c2ae000 JavaThread "Signal Dispatcher" daemon [_thread_blocked, id=122976, stack(0x000000000d460000,0x000000000d560000)]
  0x000000000b1e1800 JavaThread "Finalizer" daemon [_thread_blocked, id=44264, stack(0x000000000d580000,0x000000000d680000)]
  0x0000000002416800 JavaThread "Reference Handler" daemon [_thread_blocked, id=18908, stack(0x000000000d220000,0x000000000d320000)]

Other Threads:
  0x000000000b1de000 VMThread [stack: 0x000000000d360000,0x000000000d460000] [id=35296]

VM state:at safepoint (normal execution)

VM Mutex/Monitor currently owned by a thread:  ([mutex/lock_event])
[0x00000000024ec710] Threads_lock - owner thread: 0x000000000b1de000

Heap
 PSYoungGen      total 136704K, used 67836K [0x00000007d5880000, 0x00000007de480000, 0x0000000800000000)
  eden space 131072K, 48% used [0x00000007d5880000,0x00000007d9655e28,0x00000007dd880000)
  from space 5632K, 80% used [0x00000007ddf00000,0x00000007de369460,0x00000007de480000)
  to   space 6144K, 0% used [0x00000007dd880000,0x00000007dd880000,0x00000007dde80000)
 ParOldGen       total 86528K, used 5195K [0x0000000780a00000, 0x0000000785e80000, 0x00000007d5880000)
  object space 86528K, 6% used [0x0000000780a00000,0x0000000780f12ed8,0x0000000785e80000)
 PSPermGen       total 24576K, used 24573K [0x000000077b800000, 0x000000077d000000, 0x0000000780a00000)
  object space 24576K, 99% used [0x000000077b800000,0x000000077cfff538,0x000000077d000000)

Card table byte_map: [0x0000000005730000,0x0000000005b60000] byte_map_base: 0x0000000001b54000

Polling page: 0x0000000000160000

Code Cache  [0x0000000002730000, 0x00000000029a0000, 0x0000000005730000)
 total_blobs=839 nmethods=287 adapters=504 free_code_cache=47987Kb largest_free_block=49090368

Compilation events (10 events):
Event: 40.359 Thread 0x000000000b1fc800  303             java.util.ArrayList$Itr::hasNext (20 bytes)
Event: 40.360 Thread 0x000000000b1fc800 nmethod 303 0x0000000002852490 code [0x00000000028525c0, 0x0000000002852658]
Event: 40.402 Thread 0x000000000c2b0000  304             java.util.Arrays::fill (21 bytes)
Event: 40.404 Thread 0x000000000c2b0000 nmethod 304 0x0000000002848190 code [0x00000000028482c0, 0x0000000002848478]
Event: 40.413 Thread 0x000000000b1fc800  305 %           java.util.Arrays::fill @ 5 (21 bytes)
Event: 40.417 Thread 0x000000000b1fc800 nmethod 305% 0x000000000281c010 code [0x000000000281c160, 0x000000000281c3f8]
Event: 40.417 Thread 0x000000000c2b0000  306             java.util.Arrays::fill (21 bytes)
Event: 40.419 Thread 0x000000000c2b0000 nmethod 306 0x000000000281bbd0 code [0x000000000281bd20, 0x000000000281bf18]
Event: 40.420 Thread 0x000000000b1fc800  307             java.util.Arrays::fill (21 bytes)
Event: 40.423 Thread 0x000000000b1fc800 nmethod 307 0x0000000002849810 code [0x0000000002849940, 0x0000000002849d38]

GC Heap History (10 events):
Event: 9.232 GC heap before
{Heap before GC invocations=4 (full 0):
 PSYoungGen      total 38400K, used 37603K [0x00000007d5880000, 0x00000007d8300000, 0x0000000800000000)
  eden space 33280K, 100% used [0x00000007d5880000,0x00000007d7900000,0x00000007d7900000)
  from space 5120K, 84% used [0x00000007d7900000,0x00000007d7d38f58,0x00000007d7e00000)
  to   space 5120K, 0% used [0x00000007d7e00000,0x00000007d7e00000,0x00000007d8300000)
 ParOldGen       total 86528K, used 24K [0x0000000780a00000, 0x0000000785e80000, 0x00000007d5880000)
  object space 86528K, 0% used [0x0000000780a00000,0x0000000780a06000,0x0000000785e80000)
 PSPermGen       total 21504K, used 16695K [0x000000077b800000, 0x000000077cd00000, 0x0000000780a00000)
  object space 21504K, 77% used [0x000000077b800000,0x000000077c84ded8,0x000000077cd00000)
Event: 9.236 GC heap after
Heap after GC invocations=4 (full 0):
 PSYoungGen      total 38400K, used 4112K [0x00000007d5880000, 0x00000007d8300000, 0x0000000800000000)
  eden space 33280K, 0% used [0x00000007d5880000,0x00000007d5880000,0x00000007d7900000)
  from space 5120K, 80% used [0x00000007d7e00000,0x00000007d82043e0,0x00000007d8300000)
  to   space 5120K, 0% used [0x00000007d7900000,0x00000007d7900000,0x00000007d7e00000)
 ParOldGen       total 86528K, used 32K [0x0000000780a00000, 0x0000000785e80000, 0x00000007d5880000)
  object space 86528K, 0% used [0x0000000780a00000,0x0000000780a08000,0x0000000785e80000)
 PSPermGen       total 21504K, used 16695K [0x000000077b800000, 0x000000077cd00000, 0x0000000780a00000)
  object space 21504K, 77% used [0x000000077b800000,0x000000077c84ded8,0x000000077cd00000)
}
Event: 9.368 GC heap before
{Heap before GC invocations=5 (full 0):
 PSYoungGen      total 38400K, used 37392K [0x00000007d5880000, 0x00000007d8300000, 0x0000000800000000)
  eden space 33280K, 100% used [0x00000007d5880000,0x00000007d7900000,0x00000007d7900000)
  from space 5120K, 80% used [0x00000007d7e00000,0x00000007d82043e0,0x00000007d8300000)
  to   space 5120K, 0% used [0x00000007d7900000,0x00000007d7900000,0x00000007d7e00000)
 ParOldGen       total 86528K, used 32K [0x0000000780a00000, 0x0000000785e80000, 0x00000007d5880000)
  object space 86528K, 0% used [0x0000000780a00000,0x0000000780a08000,0x0000000785e80000)
 PSPermGen       total 21504K, used 18721K [0x000000077b800000, 0x000000077cd00000, 0x0000000780a00000)
  object space 21504K, 87% used [0x000000077b800000,0x000000077ca486c0,0x000000077cd00000)
Event: 9.373 GC heap after
Heap after GC invocations=5 (full 0):
 PSYoungGen      total 38400K, used 5099K [0x00000007d5880000, 0x00000007da480000, 0x0000000800000000)
  eden space 33280K, 0% used [0x00000007d5880000,0x00000007d5880000,0x00000007d7900000)
  from space 5120K, 99% used [0x00000007d7900000,0x00000007d7dfadb0,0x00000007d7e00000)
  to   space 5632K, 0% used [0x00000007d9f00000,0x00000007d9f00000,0x00000007da480000)
 ParOldGen       total 86528K, used 659K [0x0000000780a00000, 0x0000000785e80000, 0x00000007d5880000)
  object space 86528K, 0% used [0x0000000780a00000,0x0000000780aa4c28,0x0000000785e80000)
 PSPermGen       total 21504K, used 18721K [0x000000077b800000, 0x000000077cd00000, 0x0000000780a00000)
  object space 21504K, 87% used [0x000000077b800000,0x000000077ca486c0,0x000000077cd00000)
}
Event: 9.502 GC heap before
{Heap before GC invocations=6 (full 0):
 PSYoungGen      total 38400K, used 38379K [0x00000007d5880000, 0x00000007da480000, 0x0000000800000000)
  eden space 33280K, 100% used [0x00000007d5880000,0x00000007d7900000,0x00000007d7900000)
  from space 5120K, 99% used [0x00000007d7900000,0x00000007d7dfadb0,0x00000007d7e00000)
  to   space 5632K, 0% used [0x00000007d9f00000,0x00000007d9f00000,0x00000007da480000)
 ParOldGen       total 86528K, used 659K [0x0000000780a00000, 0x0000000785e80000, 0x00000007d5880000)
  object space 86528K, 0% used [0x0000000780a00000,0x0000000780aa4c28,0x0000000785e80000)
 PSPermGen       total 21504K, used 20056K [0x000000077b800000, 0x000000077cd00000, 0x0000000780a00000)
  object space 21504K, 93% used [0x000000077b800000,0x000000077cb962b8,0x000000077cd00000)
Event: 9.509 GC heap after
Heap after GC invocations=6 (full 0):
 PSYoungGen      total 71168K, used 5604K [0x00000007d5880000, 0x00000007da680000, 0x0000000800000000)
  eden space 65536K, 0% used [0x00000007d5880000,0x00000007d5880000,0x00000007d9880000)
  from space 5632K, 99% used [0x00000007d9f00000,0x00000007da4792b8,0x00000007da480000)
  to   space 6656K, 0% used [0x00000007d9880000,0x00000007d9880000,0x00000007d9f00000)
 ParOldGen       total 86528K, used 1156K [0x0000000780a00000, 0x0000000785e80000, 0x00000007d5880000)
  object space 86528K, 1% used [0x0000000780a00000,0x0000000780b21350,0x0000000785e80000)
 PSPermGen       total 21504K, used 20056K [0x000000077b800000, 0x000000077cd00000, 0x0000000780a00000)
  object space 21504K, 93% used [0x000000077b800000,0x000000077cb962b8,0x000000077cd00000)
}
Event: 9.948 GC heap before
{Heap before GC invocations=7 (full 0):
 PSYoungGen      total 71168K, used 71140K [0x00000007d5880000, 0x00000007da680000, 0x0000000800000000)
  eden space 65536K, 100% used [0x00000007d5880000,0x00000007d9880000,0x00000007d9880000)
  from space 5632K, 99% used [0x00000007d9f00000,0x00000007da4792b8,0x00000007da480000)
  to   space 6656K, 0% used [0x00000007d9880000,0x00000007d9880000,0x00000007d9f00000)
 ParOldGen       total 86528K, used 1156K [0x0000000780a00000, 0x0000000785e80000, 0x00000007d5880000)
  object space 86528K, 1% used [0x0000000780a00000,0x0000000780b21350,0x0000000785e80000)
 PSPermGen       total 22016K, used 21952K [0x000000077b800000, 0x000000077cd80000, 0x0000000780a00000)
  object space 22016K, 99% used [0x000000077b800000,0x000000077cd701c8,0x000000077cd80000)
Event: 9.956 GC heap after
Heap after GC invocations=7 (full 0):
 PSYoungGen      total 72192K, used 4378K [0x00000007d5880000, 0x00000007de580000, 0x0000000800000000)
  eden space 65536K, 0% used [0x00000007d5880000,0x00000007d5880000,0x00000007d9880000)
  from space 6656K, 65% used [0x00000007d9880000,0x00000007d9cc6bd0,0x00000007d9f00000)
  to   space 6656K, 0% used [0x00000007ddf00000,0x00000007ddf00000,0x00000007de580000)
 ParOldGen       total 86528K, used 4883K [0x0000000780a00000, 0x0000000785e80000, 0x00000007d5880000)
  object space 86528K, 5% used [0x0000000780a00000,0x0000000780ec4ed8,0x0000000785e80000)
 PSPermGen       total 22016K, used 21952K [0x000000077b800000, 0x000000077cd80000, 0x0000000780a00000)
  object space 22016K, 99% used [0x000000077b800000,0x000000077cd701c8,0x000000077cd80000)
}
Event: 10.275 GC heap before
{Heap before GC invocations=8 (full 0):
 PSYoungGen      total 72192K, used 69914K [0x00000007d5880000, 0x00000007de580000, 0x0000000800000000)
  eden space 65536K, 100% used [0x00000007d5880000,0x00000007d9880000,0x00000007d9880000)
  from space 6656K, 65% used [0x00000007d9880000,0x00000007d9cc6bd0,0x00000007d9f00000)
  to   space 6656K, 0% used [0x00000007ddf00000,0x00000007ddf00000,0x00000007de580000)
 ParOldGen       total 86528K, used 4883K [0x0000000780a00000, 0x0000000785e80000, 0x00000007d5880000)
  object space 86528K, 5% used [0x0000000780a00000,0x0000000780ec4ed8,0x0000000785e80000)
 PSPermGen       total 24064K, used 23922K [0x000000077b800000, 0x000000077cf80000, 0x0000000780a00000)
  object space 24064K, 99% used [0x000000077b800000,0x000000077cf5c910,0x000000077cf80000)
Event: 10.280 GC heap after
Heap after GC invocations=8 (full 0):
 PSYoungGen      total 136704K, used 4517K [0x00000007d5880000, 0x00000007de480000, 0x0000000800000000)
  eden space 131072K, 0% used [0x00000007d5880000,0x00000007d5880000,0x00000007dd880000)
  from space 5632K, 80% used [0x00000007ddf00000,0x00000007de369460,0x00000007de480000)
  to   space 6144K, 0% used [0x00000007dd880000,0x00000007dd880000,0x00000007dde80000)
 ParOldGen       total 86528K, used 5195K [0x0000000780a00000, 0x0000000785e80000, 0x00000007d5880000)
  object space 86528K, 6% used [0x0000000780a00000,0x0000000780f12ed8,0x0000000785e80000)
 PSPermGen       total 24064K, used 23922K [0x000000077b800000, 0x000000077cf80000, 0x0000000780a00000)
  object space 24064K, 99% used [0x000000077b800000,0x000000077cf5c910,0x000000077cf80000)
}

Deoptimization events (10 events):
Event: 10.943 Thread 0x0000000014d0a800 Uncommon trap: reason=bimorphic action=maybe_recompile pc=0x000000000285603c method=sun.misc.URLClassPath.getResource(Ljava/lang/String;Z)Lsun/misc/Resource; @ 53
Event: 10.943 Thread 0x0000000014d0a800 Uncommon trap: reason=bimorphic action=maybe_recompile pc=0x000000000285603c method=sun.misc.URLClassPath.getResource(Ljava/lang/String;Z)Lsun/misc/Resource; @ 53
Event: 10.945 Thread 0x0000000014d0a800 Uncommon trap: reason=bimorphic action=maybe_recompile pc=0x0000000002859610 method=sun.misc.URLClassPath.getResource(Ljava/lang/String;Z)Lsun/misc/Resource; @ 53
Event: 40.404 Thread 0x0000000014dbc000 Uncommon trap: reason=predicate action=maybe_recompile pc=0x000000000284843c method=java.util.Arrays.fill([Ljava/lang/Object;Ljava/lang/Object;)V @ 10
Event: 40.418 Thread 0x0000000014dbc000 Uncommon trap: reason=array_check action=maybe_recompile pc=0x000000000281c3a8 method=java.util.Arrays.fill([Ljava/lang/Object;Ljava/lang/Object;)V @ 13
Event: 40.419 Thread 0x0000000014dbc000 Uncommon trap: reason=array_check action=maybe_recompile pc=0x000000000281bee4 method=java.util.Arrays.fill([Ljava/lang/Object;Ljava/lang/Object;)V @ 13
Event: 40.420 Thread 0x0000000014dbc000 Uncommon trap: reason=array_check action=maybe_recompile pc=0x000000000281bee4 method=java.util.Arrays.fill([Ljava/lang/Object;Ljava/lang/Object;)V @ 13
Event: 40.420 Thread 0x0000000014dbc000 Uncommon trap: reason=array_check action=maybe_recompile pc=0x000000000281bee4 method=java.util.Arrays.fill([Ljava/lang/Object;Ljava/lang/Object;)V @ 13
Event: 40.421 Thread 0x0000000014dbc000 Uncommon trap: reason=array_check action=maybe_recompile pc=0x000000000281c3a8 method=java.util.Arrays.fill([Ljava/lang/Object;Ljava/lang/Object;)V @ 13
Event: 40.957 Thread 0x0000000014dbf000 Uncommon trap: reason=unreached action=reinterpret pc=0x0000000002852f84 method=java.security.AccessControlContext.optimize()Ljava/security/AccessControlContext; @ 33

Internal exceptions (10 events):
Event: 40.408 Thread 0x0000000014d0a800 Threw 0x00000007d8e4c548 at C:\re\jdk7u79\2331\hotspot\src\share\vm\prims\jvm.cpp:1304
Event: 40.408 Thread 0x0000000014d0a800 Threw 0x00000007d8e4d330 at C:\re\jdk7u79\2331\hotspot\src\share\vm\prims\jvm.cpp:1304
Event: 40.408 Thread 0x0000000014d0a800 Threw 0x00000007d8e57f68 at C:\re\jdk7u79\2331\hotspot\src\share\vm\prims\jvm.cpp:1304
Event: 40.443 Thread 0x0000000014d0a800 Threw 0x00000007d8e58f40 at C:\re\jdk7u79\2331\hotspot\src\share\vm\prims\jvm.cpp:1304
Event: 40.443 Thread 0x0000000014d0a800 Threw 0x00000007d8e5a170 at C:\re\jdk7u79\2331\hotspot\src\share\vm\prims\jvm.cpp:1304
Event: 40.444 Thread 0x0000000014d0a800 Threw 0x00000007d8e6e670 at C:\re\jdk7u79\2331\hotspot\src\share\vm\prims\jvm.cpp:1304
Event: 40.444 Thread 0x0000000014d0a800 Threw 0x00000007d8e6f840 at C:\re\jdk7u79\2331\hotspot\src\share\vm\prims\jvm.cpp:1304
Event: 40.444 Thread 0x0000000014d0a800 Threw 0x00000007d8e82858 at C:\re\jdk7u79\2331\hotspot\src\share\vm\prims\jvm.cpp:1304
Event: 40.444 Thread 0x0000000014d0a800 Threw 0x00000007d8e839b8 at C:\re\jdk7u79\2331\hotspot\src\share\vm\prims\jvm.cpp:1304
Event: 40.957 Thread 0x0000000014dbf000 Implicit null exception at 0x00000000028528e6 to 0x0000000002852f69

Events (10 events):
Event: 40.956 Thread 0x0000000014d0a800 Thread exited: 0x0000000014d0a800
Event: 40.957 Thread 0x0000000014dbf000 Thread added: 0x0000000014dbf000
Event: 40.957 Thread 0x0000000014dbf000 Uncommon trap: trap_request=0xffffffad fr.pc=0x0000000002852f84
Event: 40.957 Thread 0x0000000014dbf000 DEOPT PACKING pc=0x0000000002852f84 sp=0x000000001d17de00
Event: 40.957 Thread 0x0000000014dbf000 DEOPT UNPACKING pc=0x00000000027675a4 sp=0x000000001d17ddb0 mode 2
Event: 40.957 Thread 0x0000000014dbf000 Thread exited: 0x0000000014dbf000
Event: 40.957 Thread 0x0000000014dbf000 Thread added: 0x0000000014dbf000
Event: 40.958 Thread 0x0000000014dbf000 Thread exited: 0x0000000014dbf000
Event: 40.959 Thread 0x0000000014dc0800 Thread exited: 0x0000000014dc0800
Event: 40.959 Executing VM operation: Exit


Dynamic libraries:
0x000000013fc10000 - 0x000000013fc43000 	C:\Program Files\Java\jdk1.7.0_79\bin\javaw.exe
0x0000000077500000 - 0x00000000776a8000 	C:\Windows\SYSTEM32\ntdll.dll
0x00000000772e0000 - 0x00000000773ff000 	C:\Windows\system32\kernel32.dll
0x000007fefd610000 - 0x000007fefd67c000 	C:\Windows\system32\KERNELBASE.dll
0x000007fefe180000 - 0x000007fefe25b000 	C:\Windows\system32\ADVAPI32.dll
0x000007fefe0e0000 - 0x000007fefe17f000 	C:\Windows\system32\msvcrt.dll
0x000007feff7a0000 - 0x000007feff7bf000 	C:\Windows\SYSTEM32\sechost.dll
0x000007feff460000 - 0x000007feff58d000 	C:\Windows\system32\RPCRT4.dll
0x0000000077400000 - 0x00000000774fa000 	C:\Windows\system32\USER32.dll
0x000007fefdaa0000 - 0x000007fefdb07000 	C:\Windows\system32\GDI32.dll
0x000007fefe290000 - 0x000007fefe29e000 	C:\Windows\system32\LPK.dll
0x000007fefd790000 - 0x000007fefd859000 	C:\Windows\system32\USP10.dll
0x000007fefbcd0000 - 0x000007fefbec4000 	C:\Windows\WinSxS\amd64_microsoft.windows.common-controls_6595b64144ccf1df_6.0.7601.17514_none_fa396087175ac9ac\COMCTL32.dll
0x000007feff300000 - 0x000007feff371000 	C:\Windows\system32\SHLWAPI.dll
0x000007fefe260000 - 0x000007fefe28e000 	C:\Windows\system32\IMM32.DLL
0x000007fefd680000 - 0x000007fefd789000 	C:\Windows\system32\MSCTF.dll
0x00000000606b0000 - 0x0000000060782000 	C:\Program Files\Java\jdk1.7.0_79\jre\bin\msvcr100.dll
0x00000000574c0000 - 0x0000000057c95000 	C:\Program Files\Java\jdk1.7.0_79\jre\bin\server\jvm.dll
0x000007fef9aa0000 - 0x000007fef9aa9000 	C:\Windows\system32\WSOCK32.dll
0x000007feff7c0000 - 0x000007feff80d000 	C:\Windows\system32\WS2_32.dll
0x000007fefda90000 - 0x000007fefda98000 	C:\Windows\system32\NSI.dll
0x000007fefadb0000 - 0x000007fefadeb000 	C:\Windows\system32\WINMM.dll
0x00000000776c0000 - 0x00000000776c7000 	C:\Windows\system32\PSAPI.DLL
0x00000000729f0000 - 0x00000000729ff000 	C:\Program Files\Java\jdk1.7.0_79\jre\bin\verify.dll
0x000000006f110000 - 0x000000006f138000 	C:\Program Files\Java\jdk1.7.0_79\jre\bin\java.dll
0x0000000065320000 - 0x0000000065335000 	C:\Program Files\Java\jdk1.7.0_79\jre\bin\zip.dll
0x0000000057180000 - 0x0000000057315000 	C:\Program Files\Java\jdk1.7.0_79\jre\bin\awt.dll
0x000007feff380000 - 0x000007feff457000 	C:\Windows\system32\OLEAUT32.dll
0x000007feff590000 - 0x000007feff793000 	C:\Windows\system32\ole32.dll
0x000007fefb9e0000 - 0x000007fefba36000 	C:\Windows\system32\uxtheme.dll
0x000007fefd100000 - 0x000007fefd157000 	C:\Windows\system32\apphelp.dll
0x000007fef5fb0000 - 0x000007fef67fc000 	C:\Windows\system32\SOGOUPY.IME
0x000007fefaef0000 - 0x000007fefaef7000 	C:\Windows\system32\MSIMG32.dll
0x000007fefafc0000 - 0x000007fefb014000 	C:\Windows\system32\OLEACC.dll
0x000007fefaec0000 - 0x000007fefaeed000 	C:\Windows\system32\ntmarta.dll
0x000007fefdc50000 - 0x000007fefdca2000 	C:\Windows\system32\WLDAP32.dll
0x000007fefc360000 - 0x000007fefc36c000 	C:\Windows\system32\VERSION.dll
0x000007fefe570000 - 0x000007feff2f8000 	C:\Windows\system32\SHELL32.dll
0x000007fefb4b0000 - 0x000007fefb4c8000 	C:\Windows\system32\dwmapi.dll
0x000007fefd160000 - 0x000007fefd16f000 	C:\Windows\system32\CRYPTBASE.dll
0x000007fef6fd0000 - 0x000007fef703d000 	D:\Program\sougou\SogouInput\Components\AddressSearch\1.0.0.895\AddressSearch64.dll
0x000000000d320000 - 0x000000000d333000 	D:\Program\Dict\6.3.67.7016\WordStrokeHelper64.dll
0x000007fef6cb0000 - 0x000007fef6ed8000 	D:\Program\sougou\SogouInput\Components\PicFace\1.0.0.1390\PicFace64.dll
0x000007fefd2d0000 - 0x000007fefd2df000 	C:\Windows\system32\profapi.dll
0x0000000060b20000 - 0x0000000060b67000 	C:\Program Files\Java\jdk1.7.0_79\jre\bin\fontmanager.dll
0x00000000627a0000 - 0x00000000627ba000 	C:\Program Files\Java\jdk1.7.0_79\jre\bin\net.dll
0x000007fefca80000 - 0x000007fefcad5000 	C:\Windows\system32\mswsock.dll
0x000007fefca70000 - 0x000007fefca77000 	C:\Windows\System32\wship6.dll
0x0000000062780000 - 0x0000000062791000 	C:\Program Files\Java\jdk1.7.0_79\jre\bin\nio.dll
0x0000000060eb0000 - 0x0000000060ef1000 	C:\Program Files\Java\jdk1.7.0_79\jre\bin\t2k.dll
0x000007fefd860000 - 0x000007fefd8f9000 	C:\Windows\system32\CLBCatQ.DLL
0x000007fefb300000 - 0x000007fefb461000 	C:\Windows\system32\WindowsCodecs.dll
0x000007fef0d80000 - 0x000007fef0dd9000 	C:\Users\dell\AppData\Roaming\ytmediacenter\X64\report64.dll
0x0000000072860000 - 0x00000000728f8000 	C:\Windows\system32\MSVCP100.dll
0x000007fefa750000 - 0x000007fefa777000 	C:\Windows\system32\IPHLPAPI.DLL
0x000007fefa740000 - 0x000007fefa74b000 	C:\Windows\system32\WINNSI.DLL
0x000007fefdcb0000 - 0x000007fefdef8000 	C:\Windows\system32\WININET.dll
0x000007fefd360000 - 0x000007fefd364000 	C:\Windows\system32\api-ms-win-downlevel-user32-l1-1-0.dll
0x000007fefd2e0000 - 0x000007fefd2e4000 	C:\Windows\system32\api-ms-win-downlevel-shlwapi-l1-1-0.dll
0x000007fefd350000 - 0x000007fefd354000 	C:\Windows\system32\api-ms-win-downlevel-version-l1-1-0.dll
0x000007fefd430000 - 0x000007fefd433000 	C:\Windows\system32\api-ms-win-downlevel-normaliz-l1-1-0.dll
0x00000000776d0000 - 0x00000000776d3000 	C:\Windows\system32\normaliz.DLL
0x000007fefe2a0000 - 0x000007fefe567000 	C:\Windows\system32\iertutil.dll
0x000007fefd380000 - 0x000007fefd385000 	C:\Windows\system32\api-ms-win-downlevel-advapi32-l1-1-0.dll
0x000007fefd5f0000 - 0x000007fefd60e000 	C:\Windows\system32\USERENV.dll
0x000007fef1330000 - 0x000007fef1395000 	C:\Users\dell\AppData\Roaming\ytmediacenter\X64\coreplay64.dll
0x000007fef6af0000 - 0x000007fef6b25000 	C:\Windows\system32\EhStorShell.dll
0x000007fefdf00000 - 0x000007fefe0d7000 	C:\Windows\system32\SETUPAPI.dll
0x000007fefd2f0000 - 0x000007fefd326000 	C:\Windows\system32\CFGMGR32.dll
0x000007fefd330000 - 0x000007fefd34a000 	C:\Windows\system32\DEVOBJ.dll
0x000007fefbaa0000 - 0x000007fefbbcc000 	C:\Windows\system32\PROPSYS.dll
0x000007fef8cc0000 - 0x000007fef8ccf000 	C:\Windows\system32\CSCAPI.dll
0x000007fef5ed0000 - 0x000007fef5f50000 	C:\Windows\system32\ntshrui.dll
0x000007fefcd10000 - 0x000007fefcd33000 	C:\Windows\system32\srvcli.dll
0x000007fefac70000 - 0x000007fefac7b000 	C:\Windows\system32\slc.dll
0x000007feef650000 - 0x000007feef6ee000 	C:\Windows\system32\RICHED20.DLL
0x0000000010d80000 - 0x0000000010e5d000 	D:\Program\sougou\SogouInput\7.7.0.7006\Resource.dll
0x000007fef5c40000 - 0x000007fef5c47000 	D:\Program Files\MATLAB\R2012a\bin\win64\BuilderJABootstrap.dll
0x0000000061e00000 - 0x0000000061ed3000 	C:\Windows\WinSxS\amd64_microsoft.vc90.crt_1fc8b3b9a1e18e3b_9.0.30729.4940_none_08e4299fa83d7e3c\MSVCP90.dll
0x000000006fde0000 - 0x000000006fe7d000 	C:\Windows\WinSxS\amd64_microsoft.vc90.crt_1fc8b3b9a1e18e3b_9.0.30729.4940_none_08e4299fa83d7e3c\MSVCR90.dll
0x000007fef2000000 - 0x000007fef200d000 	D:\Program Files\MATLAB\R2012a\bin\win64\nativedl.dll
0x0000000073f70000 - 0x00000000740ad000 	d:\Program Files\MATLAB\R2012a\bin\win64\libmwfl.dll
0x0000000180000000 - 0x000000018000b000 	D:\Program Files\MATLAB\R2012a\bin\win64\libmwresource_core.dll
0x00000000758a0000 - 0x0000000075952000 	D:\Program Files\MATLAB\R2012a\bin\win64\libmwi18n.dll
0x000000007a170000 - 0x000000007a19c000 	D:\Program Files\MATLAB\R2012a\bin\win64\boost_filesystem-vc90-mt-1_44.dll
0x000000007a560000 - 0x000000007a569000 	D:\Program Files\MATLAB\R2012a\bin\win64\boost_system-vc90-mt-1_44.dll
0x000000007a010000 - 0x000000007a035000 	D:\Program Files\MATLAB\R2012a\bin\win64\LIBEXPAT.dll
0x0000000056de0000 - 0x0000000056fd1000 	D:\Program Files\MATLAB\R2012a\bin\win64\icuin44.dll
0x0000000060490000 - 0x0000000060601000 	D:\Program Files\MATLAB\R2012a\bin\win64\icuuc44.dll
0x00000000180b0000 - 0x0000000018ef1000 	D:\Program Files\MATLAB\R2012a\bin\win64\icudt44.dll
0x0000000018f00000 - 0x00000000191f6000 	D:\Program Files\MATLAB\R2012a\bin\win64\libmwMATLAB_res.dll
0x000000007a3b0000 - 0x000000007a3c0000 	D:\Program Files\MATLAB\R2012a\bin\win64\boost_date_time-vc90-mt-1_44.dll
0x000000007a250000 - 0x000000007a263000 	D:\Program Files\MATLAB\R2012a\bin\win64\boost_signals-vc90-mt-1_44.dll
0x000000007a2d0000 - 0x000000007a2e2000 	D:\Program Files\MATLAB\R2012a\bin\win64\boost_thread-vc90-mt-1_44.dll
0x0000000015610000 - 0x0000000015656000 	D:\Program Files\MATLAB\R2012a\bin\win64\tbb.dll
0x000007fefdc30000 - 0x000007fefdc49000 	C:\Windows\system32\imagehlp.dll
0x000007feece40000 - 0x000007feed1ea000 	d:\Program Files\MATLAB\R2012a\bin\win64\nativemcl.dll
0x0000000074460000 - 0x0000000074554000 	D:\Program Files\MATLAB\R2012a\bin\win64\libut.dll
0x0000000062760000 - 0x0000000062773000 	D:\Program Files\MATLAB\R2012a\bin\win64\icuio44.dll
0x000007fef1b20000 - 0x000007fef1c45000 	C:\Windows\system32\dbghelp.dll
0x0000000075a20000 - 0x0000000075ae2000 	D:\Program Files\MATLAB\R2012a\bin\win64\libmx.dll
0x000000007a210000 - 0x000000007a228000 	D:\Program Files\MATLAB\R2012a\bin\win64\zlib1.dll
0x00000000193d0000 - 0x000000001963a000 	D:\Program Files\MATLAB\R2012a\bin\win64\mclmcr.dll
0x0000000074970000 - 0x0000000074b06000 	D:\Program Files\MATLAB\R2012a\bin\win64\mcr.dll
0x0000000075000000 - 0x000000007536b000 	D:\Program Files\MATLAB\R2012a\bin\win64\iqm.dll
0x000000007bed0000 - 0x000000007c183000 	D:\Program Files\MATLAB\R2012a\bin\win64\libmwservices.dll
0x0000000016bd0000 - 0x0000000016bf1000 	D:\Program Files\MATLAB\R2012a\bin\win64\libmwmfl_scalar.dll
0x0000000075f10000 - 0x0000000075f5d000 	D:\Program Files\MATLAB\R2012a\bin\win64\mpath.dll
0x000000007b680000 - 0x000000007bbe1000 	D:\Program Files\MATLAB\R2012a\bin\win64\mlutil.dll
0x0000000062420000 - 0x000000006249f000 	D:\Program Files\MATLAB\R2012a\bin\win64\xmlcore.dll
0x000000007bc30000 - 0x000000007be83000 	D:\Program Files\MATLAB\R2012a\bin\win64\xerces-c_2_7.dll
0x0000000017f30000 - 0x0000000017f4a000 	D:\Program Files\MATLAB\R2012a\bin\win64\libmwMATLAB_settings_res.dll
0x0000000017f60000 - 0x0000000017fa7000 	D:\Program Files\MATLAB\R2012a\bin\win64\boost_serialization-vc90-mt-1_44.dll
0x000007fefdb90000 - 0x000007fefdc27000 	C:\Windows\system32\COMDLG32.dll
0x000007fefb1c0000 - 0x000007fefb1d6000 	C:\Windows\system32\NETAPI32.dll
0x000007fefb1b0000 - 0x000007fefb1bc000 	C:\Windows\system32\netutils.dll
0x000007fefb190000 - 0x000007fefb1a5000 	C:\Windows\system32\wkscli.dll
0x0000000051200000 - 0x0000000051a21000 	D:\Program Files\MATLAB\R2012a\bin\win64\m_interpreter.dll
0x0000000062730000 - 0x0000000062755000 	D:\Program Files\MATLAB\R2012a\bin\win64\libmex.dll
0x0000000061f00000 - 0x0000000061fb3000 	D:\Program Files\MATLAB\R2012a\bin\win64\m_dispatcher.dll
0x0000000074880000 - 0x000000007496d000 	D:\Program Files\MATLAB\R2012a\bin\win64\boost_regex-vc90-mt-1_44.dll
0x0000000061d70000 - 0x0000000061df4000 	D:\Program Files\MATLAB\R2012a\bin\win64\profiler.dll
0x0000000019640000 - 0x0000000019895000 	D:\Program Files\MATLAB\R2012a\bin\win64\libmwmathutil.dll
0x0000000079f40000 - 0x0000000079f6d000 	D:\Program Files\MATLAB\R2012a\bin\win64\libmwmathrng.dll
0x0000000074c10000 - 0x0000000074ced000 	D:\Program Files\MATLAB\R2012a\bin\win64\libmwmathcore.dll
0x0000000076160000 - 0x00000000761cb000 	D:\Program Files\MATLAB\R2012a\bin\win64\libmwspmatrix.dll
0x0000000075ea0000 - 0x0000000075f02000 	D:\Program Files\MATLAB\R2012a\bin\win64\libmwcholmod.dll
0x000000007a460000 - 0x000000007a46d000 	D:\Program Files\MATLAB\R2012a\bin\win64\libmwamd.dll

VM Arguments:
jvm_args: -Dfile.encoding=GBK 
java_command: test.ParallelRankBCAClient
Launcher Type: SUN_STANDARD

Environment Variables:
PATH=D:\Program Files\MATLAB\R2012a\bin\win64;C:/Program Files/Java/jdk1.7.0_79/bin/../jre/bin/server;C:/Program Files/Java/jdk1.7.0_79/bin/../jre/bin;C:/Program Files/Java/jdk1.7.0_79/bin/../jre/lib/amd64;C:\Program Files\Java\jdk1.7.0_79\bin;C:\Perl64\site\bin;C:\Perl64\bin;C:\Program Files (x86)\Common Files\NetSarang;D:\Program\Ruby22-x64\bin;C:\Program Files (x86)\AMD APP\bin\x86_64;C:\Program Files (x86)\AMD APP\bin\x86;C:\Windows\system32;C:\Windows;C:\Windows\System32\Wbem;C:\Windows\System32\WindowsPowerShell\v1.0\;C:\Program Files (x86)\ATI Technologies\ATI.ACE\Core-Static;D:\Program\java\bin;C:\Program Files (x86)\Microsoft SQL Server\100\Tools\Binn\;C:\Program Files\Microsoft SQL Server\100\Tools\Binn\;C:\Program Files\Microsoft SQL Server\100\DTS\Binn\;d:\Program Files\MATLAB\R2012a\runtime\win64;d:\Program Files\MATLAB\R2012a\bin;C:\Program Files\Java\jdk1.6.0_43\bin;d:\CTEX\UserData\miktex\bin;d:\CTEX\MiKTeX\miktex\bin;d:\CTEX\CTeX\ctex\bin;d:\CTEX\CTeX\cct\bin;d:\CTEX\CTeX\ty\bin;d:\CTEX\Ghostscript\gs9.05\bin;d:\CTEX\GSview\gsview;d:\CTEX\WinEdt;C:\cygwin64\bin;D:\我的数据\eclipse;
USERNAME=dell
OS=Windows_NT
PROCESSOR_IDENTIFIER=Intel64 Family 6 Model 58 Stepping 9, GenuineIntel



---------------  S Y S T E M  ---------------

OS: Windows 7 , 64 bit Build 7601 Service Pack 1

CPU:total 8 (4 cores per cpu, 2 threads per core) family 6 model 58 stepping 9, cmov, cx8, fxsr, mmx, sse, sse2, sse3, ssse3, sse4.1, sse4.2, popcnt, avx, aes, erms, ht, tsc, tscinvbit, tscinv

Memory: 4k page, physical 8342068k(3968788k free), swap 16682284k(8519412k free)

vm_info: Java HotSpot(TM) 64-Bit Server VM (24.79-b02) for windows-amd64 JRE (1.7.0_79-b15), built on Apr 10 2015 12:36:16 by "java_re" with unknown MS VC++:1600

time: Sat Nov 14 15:49:36 2015
elapsed time: 41 seconds

